{"C:\\CPEN321\\project\\newserver\\CPEN321-GroupX\\server\\server.js": {"path":"C:\\CPEN321\\project\\newserver\\CPEN321-GroupX\\server\\server.js","statementMap":{"0":{"start":{"line":15,"column":12},"end":{"line":15,"column":39}},"1":{"start":{"line":18,"column":22},"end":{"line":18,"column":48}},"2":{"start":{"line":20,"column":17},"end":{"line":20,"column":26}},"3":{"start":{"line":21,"column":0},"end":{"line":21,"column":23}},"4":{"start":{"line":23,"column":29},"end":{"line":23,"column":51}},"5":{"start":{"line":26,"column":19},"end":{"line":26,"column":27}},"6":{"start":{"line":27,"column":13},"end":{"line":27,"column":16}},"7":{"start":{"line":38,"column":19},"end":{"line":38,"column":44}},"8":{"start":{"line":40,"column":21},"end":{"line":40,"column":38}},"9":{"start":{"line":41,"column":15},"end":{"line":41,"column":16}},"10":{"start":{"line":43,"column":24},"end":{"line":43,"column":35}},"11":{"start":{"line":48,"column":4},"end":{"line":48,"column":41}},"12":{"start":{"line":57,"column":0},"end":{"line":74,"column":2}},"13":{"start":{"line":58,"column":4},"end":{"line":58,"column":28}},"14":{"start":{"line":59,"column":4},"end":{"line":59,"column":28}},"15":{"start":{"line":60,"column":18},"end":{"line":60,"column":34}},"16":{"start":{"line":61,"column":28},"end":{"line":61,"column":49}},"17":{"start":{"line":62,"column":4},"end":{"line":73,"column":6}},"18":{"start":{"line":64,"column":34},"end":{"line":64,"column":108}},"19":{"start":{"line":65,"column":8},"end":{"line":69,"column":10}},"20":{"start":{"line":66,"column":12},"end":{"line":66,"column":37}},"21":{"start":{"line":67,"column":12},"end":{"line":67,"column":40}},"22":{"start":{"line":68,"column":12},"end":{"line":68,"column":82}},"23":{"start":{"line":72,"column":8},"end":{"line":72,"column":49}},"24":{"start":{"line":76,"column":0},"end":{"line":95,"column":2}},"25":{"start":{"line":78,"column":4},"end":{"line":80,"column":5}},"26":{"start":{"line":79,"column":8},"end":{"line":79,"column":49}},"27":{"start":{"line":81,"column":4},"end":{"line":86,"column":5}},"28":{"start":{"line":82,"column":22},"end":{"line":82,"column":55}},"29":{"start":{"line":84,"column":8},"end":{"line":84,"column":41}},"30":{"start":{"line":85,"column":8},"end":{"line":85,"column":14}},"31":{"start":{"line":87,"column":4},"end":{"line":94,"column":5}},"32":{"start":{"line":89,"column":8},"end":{"line":89,"column":14}},"33":{"start":{"line":92,"column":8},"end":{"line":92,"column":43}},"34":{"start":{"line":93,"column":8},"end":{"line":93,"column":15}},"35":{"start":{"line":96,"column":0},"end":{"line":106,"column":2}},"36":{"start":{"line":97,"column":17},"end":{"line":97,"column":32}},"37":{"start":{"line":98,"column":19},"end":{"line":98,"column":81}},"38":{"start":{"line":99,"column":4},"end":{"line":105,"column":5}},"39":{"start":{"line":100,"column":8},"end":{"line":100,"column":66}},"40":{"start":{"line":101,"column":8},"end":{"line":101,"column":51}},"41":{"start":{"line":104,"column":8},"end":{"line":104,"column":55}},"42":{"start":{"line":109,"column":0},"end":{"line":128,"column":2}},"43":{"start":{"line":111,"column":4},"end":{"line":113,"column":5}},"44":{"start":{"line":112,"column":8},"end":{"line":112,"column":49}},"45":{"start":{"line":114,"column":4},"end":{"line":119,"column":5}},"46":{"start":{"line":115,"column":22},"end":{"line":115,"column":55}},"47":{"start":{"line":117,"column":8},"end":{"line":117,"column":41}},"48":{"start":{"line":118,"column":8},"end":{"line":118,"column":14}},"49":{"start":{"line":120,"column":4},"end":{"line":127,"column":5}},"50":{"start":{"line":122,"column":8},"end":{"line":122,"column":14}},"51":{"start":{"line":125,"column":8},"end":{"line":125,"column":43}},"52":{"start":{"line":126,"column":8},"end":{"line":126,"column":15}},"53":{"start":{"line":132,"column":0},"end":{"line":144,"column":2}},"54":{"start":{"line":133,"column":17},"end":{"line":133,"column":34}},"55":{"start":{"line":134,"column":15},"end":{"line":134,"column":47}},"56":{"start":{"line":137,"column":4},"end":{"line":143,"column":5}},"57":{"start":{"line":138,"column":8},"end":{"line":138,"column":54}},"58":{"start":{"line":141,"column":8},"end":{"line":141,"column":23}},"59":{"start":{"line":142,"column":8},"end":{"line":142,"column":34}},"60":{"start":{"line":148,"column":0},"end":{"line":159,"column":2}},"61":{"start":{"line":149,"column":17},"end":{"line":149,"column":34}},"62":{"start":{"line":150,"column":22},"end":{"line":150,"column":54}},"63":{"start":{"line":153,"column":4},"end":{"line":158,"column":5}},"64":{"start":{"line":154,"column":8},"end":{"line":154,"column":58}},"65":{"start":{"line":157,"column":8},"end":{"line":157,"column":32}},"66":{"start":{"line":163,"column":0},"end":{"line":179,"column":2}},"67":{"start":{"line":164,"column":17},"end":{"line":164,"column":34}},"68":{"start":{"line":166,"column":22},"end":{"line":166,"column":54}},"69":{"start":{"line":167,"column":4},"end":{"line":178,"column":5}},"70":{"start":{"line":168,"column":8},"end":{"line":168,"column":32}},"71":{"start":{"line":171,"column":27},"end":{"line":171,"column":29}},"72":{"start":{"line":173,"column":8},"end":{"line":176,"column":9}},"73":{"start":{"line":174,"column":31},"end":{"line":174,"column":77}},"74":{"start":{"line":175,"column":12},"end":{"line":175,"column":43}},"75":{"start":{"line":177,"column":8},"end":{"line":177,"column":42}},"76":{"start":{"line":184,"column":0},"end":{"line":195,"column":2}},"77":{"start":{"line":185,"column":17},"end":{"line":185,"column":34}},"78":{"start":{"line":186,"column":23},"end":{"line":186,"column":31}},"79":{"start":{"line":187,"column":18},"end":{"line":187,"column":65}},"80":{"start":{"line":189,"column":4},"end":{"line":194,"column":5}},"81":{"start":{"line":190,"column":8},"end":{"line":190,"column":68}},"82":{"start":{"line":193,"column":8},"end":{"line":193,"column":51}},"83":{"start":{"line":200,"column":0},"end":{"line":212,"column":2}},"84":{"start":{"line":201,"column":17},"end":{"line":201,"column":34}},"85":{"start":{"line":202,"column":22},"end":{"line":202,"column":30}},"86":{"start":{"line":205,"column":18},"end":{"line":205,"column":64}},"87":{"start":{"line":206,"column":4},"end":{"line":211,"column":5}},"88":{"start":{"line":207,"column":8},"end":{"line":207,"column":68}},"89":{"start":{"line":210,"column":8},"end":{"line":210,"column":56}},"90":{"start":{"line":219,"column":0},"end":{"line":230,"column":2}},"91":{"start":{"line":220,"column":20},"end":{"line":220,"column":53}},"92":{"start":{"line":222,"column":23},"end":{"line":222,"column":61}},"93":{"start":{"line":224,"column":4},"end":{"line":229,"column":5}},"94":{"start":{"line":225,"column":8},"end":{"line":225,"column":52}},"95":{"start":{"line":228,"column":8},"end":{"line":228,"column":42}},"96":{"start":{"line":233,"column":4},"end":{"line":239,"column":9}},"97":{"start":{"line":234,"column":8},"end":{"line":234,"column":64}},"98":{"start":{"line":235,"column":8},"end":{"line":235,"column":64}},"99":{"start":{"line":236,"column":8},"end":{"line":236,"column":65}},"100":{"start":{"line":237,"column":8},"end":{"line":237,"column":65}},"101":{"start":{"line":238,"column":8},"end":{"line":238,"column":64}},"102":{"start":{"line":241,"column":0},"end":{"line":244,"column":2}},"103":{"start":{"line":242,"column":4},"end":{"line":242,"column":23}},"104":{"start":{"line":243,"column":4},"end":{"line":243,"column":10}},"105":{"start":{"line":248,"column":0},"end":{"line":310,"column":2}},"106":{"start":{"line":249,"column":20},"end":{"line":249,"column":39}},"107":{"start":{"line":250,"column":14},"end":{"line":250,"column":30}},"108":{"start":{"line":251,"column":16},"end":{"line":251,"column":31}},"109":{"start":{"line":252,"column":14},"end":{"line":252,"column":30}},"110":{"start":{"line":253,"column":16},"end":{"line":253,"column":31}},"111":{"start":{"line":254,"column":21},"end":{"line":254,"column":41}},"112":{"start":{"line":255,"column":18},"end":{"line":255,"column":30}},"113":{"start":{"line":256,"column":4},"end":{"line":256,"column":26}},"114":{"start":{"line":257,"column":4},"end":{"line":260,"column":5}},"115":{"start":{"line":258,"column":8},"end":{"line":258,"column":63}},"116":{"start":{"line":259,"column":8},"end":{"line":259,"column":15}},"117":{"start":{"line":262,"column":16},"end":{"line":262,"column":18}},"118":{"start":{"line":263,"column":4},"end":{"line":286,"column":5}},"119":{"start":{"line":264,"column":8},"end":{"line":267,"column":9}},"120":{"start":{"line":265,"column":12},"end":{"line":265,"column":72}},"121":{"start":{"line":266,"column":12},"end":{"line":266,"column":19}},"122":{"start":{"line":270,"column":12},"end":{"line":270,"column":81}},"123":{"start":{"line":275,"column":8},"end":{"line":275,"column":45}},"124":{"start":{"line":276,"column":8},"end":{"line":276,"column":53}},"125":{"start":{"line":278,"column":9},"end":{"line":286,"column":5}},"126":{"start":{"line":279,"column":8},"end":{"line":279,"column":41}},"127":{"start":{"line":280,"column":8},"end":{"line":280,"column":41}},"128":{"start":{"line":283,"column":9},"end":{"line":286,"column":5}},"129":{"start":{"line":284,"column":8},"end":{"line":284,"column":45}},"130":{"start":{"line":285,"column":8},"end":{"line":285,"column":43}},"131":{"start":{"line":288,"column":4},"end":{"line":291,"column":5}},"132":{"start":{"line":289,"column":8},"end":{"line":289,"column":106}},"133":{"start":{"line":290,"column":8},"end":{"line":290,"column":106}},"134":{"start":{"line":292,"column":4},"end":{"line":294,"column":5}},"135":{"start":{"line":293,"column":8},"end":{"line":293,"column":59}},"136":{"start":{"line":296,"column":4},"end":{"line":299,"column":5}},"137":{"start":{"line":297,"column":19},"end":{"line":297,"column":40}},"138":{"start":{"line":298,"column":8},"end":{"line":298,"column":38}},"139":{"start":{"line":300,"column":4},"end":{"line":300,"column":22}},"140":{"start":{"line":301,"column":24},"end":{"line":301,"column":62}},"141":{"start":{"line":304,"column":4},"end":{"line":309,"column":5}},"142":{"start":{"line":305,"column":8},"end":{"line":305,"column":51}},"143":{"start":{"line":308,"column":8},"end":{"line":308,"column":43}},"144":{"start":{"line":315,"column":0},"end":{"line":327,"column":2}},"145":{"start":{"line":316,"column":18},"end":{"line":316,"column":35}},"146":{"start":{"line":319,"column":16},"end":{"line":319,"column":109}},"147":{"start":{"line":320,"column":24},"end":{"line":320,"column":62}},"148":{"start":{"line":321,"column":4},"end":{"line":326,"column":5}},"149":{"start":{"line":322,"column":8},"end":{"line":322,"column":51}},"150":{"start":{"line":325,"column":8},"end":{"line":325,"column":43}},"151":{"start":{"line":329,"column":0},"end":{"line":348,"column":2}},"152":{"start":{"line":330,"column":4},"end":{"line":333,"column":5}},"153":{"start":{"line":331,"column":8},"end":{"line":331,"column":49}},"154":{"start":{"line":332,"column":8},"end":{"line":332,"column":14}},"155":{"start":{"line":334,"column":4},"end":{"line":339,"column":5}},"156":{"start":{"line":335,"column":22},"end":{"line":335,"column":55}},"157":{"start":{"line":337,"column":8},"end":{"line":337,"column":41}},"158":{"start":{"line":338,"column":8},"end":{"line":338,"column":14}},"159":{"start":{"line":340,"column":4},"end":{"line":347,"column":5}},"160":{"start":{"line":342,"column":8},"end":{"line":342,"column":14}},"161":{"start":{"line":345,"column":8},"end":{"line":345,"column":43}},"162":{"start":{"line":346,"column":8},"end":{"line":346,"column":15}},"163":{"start":{"line":350,"column":0},"end":{"line":375,"column":2}},"164":{"start":{"line":351,"column":19},"end":{"line":351,"column":36}},"165":{"start":{"line":352,"column":24},"end":{"line":352,"column":56}},"166":{"start":{"line":353,"column":4},"end":{"line":356,"column":5}},"167":{"start":{"line":354,"column":8},"end":{"line":354,"column":46}},"168":{"start":{"line":355,"column":8},"end":{"line":355,"column":14}},"169":{"start":{"line":357,"column":24},"end":{"line":357,"column":52}},"170":{"start":{"line":358,"column":16},"end":{"line":358,"column":28}},"171":{"start":{"line":359,"column":4},"end":{"line":366,"column":5}},"172":{"start":{"line":360,"column":8},"end":{"line":362,"column":9}},"173":{"start":{"line":360,"column":21},"end":{"line":360,"column":22}},"174":{"start":{"line":361,"column":12},"end":{"line":361,"column":69}},"175":{"start":{"line":363,"column":8},"end":{"line":363,"column":44}},"176":{"start":{"line":365,"column":1},"end":{"line":365,"column":25}},"177":{"start":{"line":368,"column":26},"end":{"line":368,"column":64}},"178":{"start":{"line":369,"column":4},"end":{"line":374,"column":5}},"179":{"start":{"line":370,"column":8},"end":{"line":370,"column":49}},"180":{"start":{"line":373,"column":8},"end":{"line":373,"column":43}},"181":{"start":{"line":382,"column":0},"end":{"line":385,"column":3}},"182":{"start":{"line":383,"column":19},"end":{"line":383,"column":45}},"183":{"start":{"line":384,"column":4},"end":{"line":384,"column":33}},"184":{"start":{"line":389,"column":0},"end":{"line":398,"column":3}},"185":{"start":{"line":390,"column":18},"end":{"line":390,"column":72}},"186":{"start":{"line":392,"column":4},"end":{"line":397,"column":5}},"187":{"start":{"line":393,"column":8},"end":{"line":393,"column":52}},"188":{"start":{"line":396,"column":8},"end":{"line":396,"column":37}},"189":{"start":{"line":400,"column":0},"end":{"line":429,"column":5}},"190":{"start":{"line":401,"column":4},"end":{"line":401,"column":43}},"191":{"start":{"line":403,"column":4},"end":{"line":427,"column":7}},"192":{"start":{"line":404,"column":8},"end":{"line":404,"column":47}},"193":{"start":{"line":405,"column":8},"end":{"line":405,"column":38}},"194":{"start":{"line":406,"column":8},"end":{"line":406,"column":29}},"195":{"start":{"line":408,"column":26},"end":{"line":408,"column":45}},"196":{"start":{"line":409,"column":21},"end":{"line":409,"column":35}},"197":{"start":{"line":410,"column":21},"end":{"line":410,"column":53}},"198":{"start":{"line":411,"column":23},"end":{"line":411,"column":52}},"199":{"start":{"line":412,"column":23},"end":{"line":412,"column":90}},"200":{"start":{"line":413,"column":8},"end":{"line":413,"column":27}},"201":{"start":{"line":415,"column":8},"end":{"line":425,"column":9}},"202":{"start":{"line":416,"column":12},"end":{"line":416,"column":55}},"203":{"start":{"line":418,"column":12},"end":{"line":418,"column":77}},"204":{"start":{"line":421,"column":29},"end":{"line":421,"column":59}},"205":{"start":{"line":424,"column":12},"end":{"line":424,"column":52}},"206":{"start":{"line":435,"column":0},"end":{"line":453,"column":2}},"207":{"start":{"line":436,"column":4},"end":{"line":439,"column":5}},"208":{"start":{"line":437,"column":8},"end":{"line":437,"column":49}},"209":{"start":{"line":438,"column":8},"end":{"line":438,"column":14}},"210":{"start":{"line":440,"column":4},"end":{"line":445,"column":5}},"211":{"start":{"line":441,"column":22},"end":{"line":441,"column":55}},"212":{"start":{"line":443,"column":8},"end":{"line":443,"column":41}},"213":{"start":{"line":444,"column":8},"end":{"line":444,"column":14}},"214":{"start":{"line":446,"column":4},"end":{"line":452,"column":5}},"215":{"start":{"line":447,"column":8},"end":{"line":447,"column":14}},"216":{"start":{"line":450,"column":8},"end":{"line":450,"column":43}},"217":{"start":{"line":451,"column":8},"end":{"line":451,"column":15}},"218":{"start":{"line":456,"column":17},"end":{"line":456,"column":19}},"219":{"start":{"line":457,"column":4},"end":{"line":480,"column":5}},"220":{"start":{"line":457,"column":17},"end":{"line":457,"column":18}},"221":{"start":{"line":458,"column":32},"end":{"line":458,"column":45}},"222":{"start":{"line":459,"column":37},"end":{"line":459,"column":38}},"223":{"start":{"line":460,"column":8},"end":{"line":467,"column":9}},"224":{"start":{"line":460,"column":21},"end":{"line":460,"column":22}},"225":{"start":{"line":461,"column":12},"end":{"line":466,"column":13}},"226":{"start":{"line":462,"column":16},"end":{"line":465,"column":17}},"227":{"start":{"line":463,"column":20},"end":{"line":463,"column":53}},"228":{"start":{"line":464,"column":20},"end":{"line":464,"column":46}},"229":{"start":{"line":468,"column":8},"end":{"line":468,"column":38}},"230":{"start":{"line":469,"column":8},"end":{"line":479,"column":9}},"231":{"start":{"line":471,"column":23},"end":{"line":471,"column":56}},"232":{"start":{"line":472,"column":12},"end":{"line":472,"column":60}},"233":{"start":{"line":473,"column":12},"end":{"line":473,"column":31}},"234":{"start":{"line":476,"column":12},"end":{"line":476,"column":36}},"235":{"start":{"line":477,"column":12},"end":{"line":477,"column":62}},"236":{"start":{"line":478,"column":12},"end":{"line":478,"column":32}},"237":{"start":{"line":481,"column":4},"end":{"line":481,"column":23}},"238":{"start":{"line":482,"column":4},"end":{"line":482,"column":17}},"239":{"start":{"line":486,"column":0},"end":{"line":509,"column":2}},"240":{"start":{"line":487,"column":17},"end":{"line":487,"column":34}},"241":{"start":{"line":489,"column":28},"end":{"line":489,"column":60}},"242":{"start":{"line":490,"column":8},"end":{"line":493,"column":9}},"243":{"start":{"line":491,"column":12},"end":{"line":491,"column":50}},"244":{"start":{"line":492,"column":12},"end":{"line":492,"column":18}},"245":{"start":{"line":494,"column":22},"end":{"line":494,"column":88}},"246":{"start":{"line":495,"column":8},"end":{"line":495,"column":28}},"247":{"start":{"line":496,"column":22},"end":{"line":496,"column":88}},"248":{"start":{"line":497,"column":8},"end":{"line":497,"column":28}},"249":{"start":{"line":498,"column":33},"end":{"line":498,"column":35}},"250":{"start":{"line":499,"column":8},"end":{"line":501,"column":9}},"251":{"start":{"line":499,"column":21},"end":{"line":499,"column":22}},"252":{"start":{"line":500,"column":28},"end":{"line":500,"column":41}},"253":{"start":{"line":502,"column":8},"end":{"line":506,"column":9}},"254":{"start":{"line":502,"column":21},"end":{"line":502,"column":22}},"255":{"start":{"line":503,"column":28},"end":{"line":503,"column":41}},"256":{"start":{"line":504,"column":26},"end":{"line":504,"column":77}},"257":{"start":{"line":505,"column":12},"end":{"line":505,"column":44}},"258":{"start":{"line":507,"column":21},"end":{"line":507,"column":65}},"259":{"start":{"line":508,"column":8},"end":{"line":508,"column":36}},"260":{"start":{"line":516,"column":20},"end":{"line":519,"column":2}},"261":{"start":{"line":517,"column":15},"end":{"line":517,"column":39}},"262":{"start":{"line":518,"column":15},"end":{"line":518,"column":36}},"263":{"start":{"line":524,"column":0},"end":{"line":524,"column":26}},"264":{"start":{"line":527,"column":30},"end":{"line":527,"column":51}},"265":{"start":{"line":528,"column":4},"end":{"line":547,"column":5}},"266":{"start":{"line":529,"column":8},"end":{"line":529,"column":30}},"267":{"start":{"line":530,"column":8},"end":{"line":530,"column":49}},"268":{"start":{"line":539,"column":8},"end":{"line":539,"column":45}},"269":{"start":{"line":545,"column":8},"end":{"line":545,"column":28}},"270":{"start":{"line":546,"column":8},"end":{"line":546,"column":22}},"271":{"start":{"line":549,"column":0},"end":{"line":549,"column":5}}},"fnMap":{"0":{"name":"isErr","decl":{"start":{"line":47,"column":9},"end":{"line":47,"column":14}},"loc":{"start":{"line":47,"column":21},"end":{"line":49,"column":1}},"line":47},"1":{"name":"(anonymous_1)","decl":{"start":{"line":57,"column":20},"end":{"line":57,"column":21}},"loc":{"start":{"line":57,"column":37},"end":{"line":74,"column":1}},"line":57},"2":{"name":"(anonymous_2)","decl":{"start":{"line":62,"column":24},"end":{"line":62,"column":25}},"loc":{"start":{"line":62,"column":35},"end":{"line":70,"column":5}},"line":62},"3":{"name":"(anonymous_3)","decl":{"start":{"line":65,"column":33},"end":{"line":65,"column":34}},"loc":{"start":{"line":65,"column":49},"end":{"line":69,"column":9}},"line":65},"4":{"name":"(anonymous_4)","decl":{"start":{"line":70,"column":13},"end":{"line":70,"column":14}},"loc":{"start":{"line":70,"column":28},"end":{"line":73,"column":5}},"line":70},"5":{"name":"(anonymous_5)","decl":{"start":{"line":76,"column":20},"end":{"line":76,"column":21}},"loc":{"start":{"line":76,"column":36},"end":{"line":95,"column":1}},"line":76},"6":{"name":"(anonymous_6)","decl":{"start":{"line":96,"column":23},"end":{"line":96,"column":24}},"loc":{"start":{"line":96,"column":40},"end":{"line":106,"column":1}},"line":96},"7":{"name":"(anonymous_7)","decl":{"start":{"line":109,"column":28},"end":{"line":109,"column":29}},"loc":{"start":{"line":109,"column":44},"end":{"line":128,"column":1}},"line":109},"8":{"name":"(anonymous_8)","decl":{"start":{"line":132,"column":28},"end":{"line":132,"column":29}},"loc":{"start":{"line":132,"column":45},"end":{"line":144,"column":1}},"line":132},"9":{"name":"(anonymous_9)","decl":{"start":{"line":148,"column":42},"end":{"line":148,"column":43}},"loc":{"start":{"line":148,"column":59},"end":{"line":159,"column":1}},"line":148},"10":{"name":"(anonymous_10)","decl":{"start":{"line":163,"column":36},"end":{"line":163,"column":37}},"loc":{"start":{"line":163,"column":53},"end":{"line":179,"column":1}},"line":163},"11":{"name":"(anonymous_11)","decl":{"start":{"line":184,"column":28},"end":{"line":184,"column":29}},"loc":{"start":{"line":184,"column":45},"end":{"line":195,"column":1}},"line":184},"12":{"name":"(anonymous_12)","decl":{"start":{"line":200,"column":36},"end":{"line":200,"column":37}},"loc":{"start":{"line":200,"column":53},"end":{"line":212,"column":1}},"line":200},"13":{"name":"(anonymous_13)","decl":{"start":{"line":219,"column":31},"end":{"line":219,"column":32}},"loc":{"start":{"line":219,"column":48},"end":{"line":230,"column":1}},"line":219},"14":{"name":"sanitiezInputs","decl":{"start":{"line":232,"column":9},"end":{"line":232,"column":23}},"loc":{"start":{"line":232,"column":30},"end":{"line":240,"column":1}},"line":232},"15":{"name":"(anonymous_15)","decl":{"start":{"line":233,"column":37},"end":{"line":233,"column":38}},"loc":{"start":{"line":233,"column":46},"end":{"line":239,"column":7}},"line":233},"16":{"name":"(anonymous_16)","decl":{"start":{"line":241,"column":34},"end":{"line":241,"column":35}},"loc":{"start":{"line":241,"column":50},"end":{"line":244,"column":1}},"line":241},"17":{"name":"(anonymous_17)","decl":{"start":{"line":248,"column":34},"end":{"line":248,"column":35}},"loc":{"start":{"line":248,"column":50},"end":{"line":310,"column":1}},"line":248},"18":{"name":"(anonymous_18)","decl":{"start":{"line":315,"column":36},"end":{"line":315,"column":37}},"loc":{"start":{"line":315,"column":52},"end":{"line":327,"column":1}},"line":315},"19":{"name":"(anonymous_19)","decl":{"start":{"line":329,"column":39},"end":{"line":329,"column":40}},"loc":{"start":{"line":329,"column":55},"end":{"line":348,"column":1}},"line":329},"20":{"name":"(anonymous_20)","decl":{"start":{"line":350,"column":39},"end":{"line":350,"column":40}},"loc":{"start":{"line":350,"column":56},"end":{"line":375,"column":1}},"line":350},"21":{"name":"(anonymous_21)","decl":{"start":{"line":382,"column":19},"end":{"line":382,"column":20}},"loc":{"start":{"line":382,"column":38},"end":{"line":385,"column":1}},"line":382},"22":{"name":"(anonymous_22)","decl":{"start":{"line":389,"column":29},"end":{"line":389,"column":30}},"loc":{"start":{"line":389,"column":48},"end":{"line":398,"column":1}},"line":389},"23":{"name":"(anonymous_23)","decl":{"start":{"line":400,"column":21},"end":{"line":400,"column":22}},"loc":{"start":{"line":400,"column":39},"end":{"line":429,"column":3}},"line":400},"24":{"name":"(anonymous_24)","decl":{"start":{"line":403,"column":25},"end":{"line":403,"column":26}},"loc":{"start":{"line":403,"column":53},"end":{"line":427,"column":5}},"line":403},"25":{"name":"(anonymous_25)","decl":{"start":{"line":435,"column":38},"end":{"line":435,"column":39}},"loc":{"start":{"line":435,"column":54},"end":{"line":453,"column":1}},"line":435},"26":{"name":"sortRecommended","decl":{"start":{"line":455,"column":9},"end":{"line":455,"column":24}},"loc":{"start":{"line":455,"column":47},"end":{"line":483,"column":1}},"line":455},"27":{"name":"(anonymous_27)","decl":{"start":{"line":486,"column":38},"end":{"line":486,"column":39}},"loc":{"start":{"line":486,"column":55},"end":{"line":509,"column":1}},"line":486},"28":{"name":"(anonymous_28)","decl":{"start":{"line":516,"column":37},"end":{"line":516,"column":38}},"loc":{"start":{"line":516,"column":48},"end":{"line":519,"column":1}},"line":516},"29":{"name":"run","decl":{"start":{"line":526,"column":15},"end":{"line":526,"column":18}},"loc":{"start":{"line":526,"column":20},"end":{"line":548,"column":1}},"line":526}},"branchMap":{"0":{"loc":{"start":{"line":48,"column":12},"end":{"line":48,"column":40}},"type":"binary-expr","locations":[{"start":{"line":48,"column":12},"end":{"line":48,"column":25}},{"start":{"line":48,"column":29},"end":{"line":48,"column":40}}],"line":48},"1":{"loc":{"start":{"line":78,"column":4},"end":{"line":80,"column":5}},"type":"if","locations":[{"start":{"line":78,"column":4},"end":{"line":80,"column":5}},{"start":{},"end":{}}],"line":78},"2":{"loc":{"start":{"line":87,"column":4},"end":{"line":94,"column":5}},"type":"if","locations":[{"start":{"line":87,"column":4},"end":{"line":94,"column":5}},{"start":{"line":91,"column":8},"end":{"line":94,"column":5}}],"line":87},"3":{"loc":{"start":{"line":99,"column":4},"end":{"line":105,"column":5}},"type":"if","locations":[{"start":{"line":99,"column":4},"end":{"line":105,"column":5}},{"start":{"line":103,"column":8},"end":{"line":105,"column":5}}],"line":99},"4":{"loc":{"start":{"line":111,"column":4},"end":{"line":113,"column":5}},"type":"if","locations":[{"start":{"line":111,"column":4},"end":{"line":113,"column":5}},{"start":{},"end":{}}],"line":111},"5":{"loc":{"start":{"line":120,"column":4},"end":{"line":127,"column":5}},"type":"if","locations":[{"start":{"line":120,"column":4},"end":{"line":127,"column":5}},{"start":{"line":124,"column":8},"end":{"line":127,"column":5}}],"line":120},"6":{"loc":{"start":{"line":137,"column":4},"end":{"line":143,"column":5}},"type":"if","locations":[{"start":{"line":137,"column":4},"end":{"line":143,"column":5}},{"start":{"line":140,"column":8},"end":{"line":143,"column":5}}],"line":137},"7":{"loc":{"start":{"line":153,"column":4},"end":{"line":158,"column":5}},"type":"if","locations":[{"start":{"line":153,"column":4},"end":{"line":158,"column":5}},{"start":{"line":156,"column":8},"end":{"line":158,"column":5}}],"line":153},"8":{"loc":{"start":{"line":167,"column":4},"end":{"line":178,"column":5}},"type":"if","locations":[{"start":{"line":167,"column":4},"end":{"line":178,"column":5}},{"start":{"line":170,"column":8},"end":{"line":178,"column":5}}],"line":167},"9":{"loc":{"start":{"line":189,"column":4},"end":{"line":194,"column":5}},"type":"if","locations":[{"start":{"line":189,"column":4},"end":{"line":194,"column":5}},{"start":{"line":192,"column":8},"end":{"line":194,"column":5}}],"line":189},"10":{"loc":{"start":{"line":206,"column":4},"end":{"line":211,"column":5}},"type":"if","locations":[{"start":{"line":206,"column":4},"end":{"line":211,"column":5}},{"start":{"line":209,"column":8},"end":{"line":211,"column":5}}],"line":206},"11":{"loc":{"start":{"line":224,"column":4},"end":{"line":229,"column":5}},"type":"if","locations":[{"start":{"line":224,"column":4},"end":{"line":229,"column":5}},{"start":{"line":227,"column":8},"end":{"line":229,"column":5}}],"line":224},"12":{"loc":{"start":{"line":257,"column":4},"end":{"line":260,"column":5}},"type":"if","locations":[{"start":{"line":257,"column":4},"end":{"line":260,"column":5}},{"start":{},"end":{}}],"line":257},"13":{"loc":{"start":{"line":257,"column":8},"end":{"line":257,"column":96}},"type":"binary-expr","locations":[{"start":{"line":257,"column":8},"end":{"line":257,"column":30}},{"start":{"line":257,"column":34},"end":{"line":257,"column":50}},{"start":{"line":257,"column":54},"end":{"line":257,"column":72}},{"start":{"line":257,"column":76},"end":{"line":257,"column":96}}],"line":257},"14":{"loc":{"start":{"line":263,"column":4},"end":{"line":286,"column":5}},"type":"if","locations":[{"start":{"line":263,"column":4},"end":{"line":286,"column":5}},{"start":{"line":278,"column":9},"end":{"line":286,"column":5}}],"line":263},"15":{"loc":{"start":{"line":263,"column":8},"end":{"line":263,"column":32}},"type":"binary-expr","locations":[{"start":{"line":263,"column":8},"end":{"line":263,"column":17}},{"start":{"line":263,"column":21},"end":{"line":263,"column":32}}],"line":263},"16":{"loc":{"start":{"line":264,"column":8},"end":{"line":267,"column":9}},"type":"if","locations":[{"start":{"line":264,"column":8},"end":{"line":267,"column":9}},{"start":{},"end":{}}],"line":264},"17":{"loc":{"start":{"line":278,"column":9},"end":{"line":286,"column":5}},"type":"if","locations":[{"start":{"line":278,"column":9},"end":{"line":286,"column":5}},{"start":{"line":283,"column":9},"end":{"line":286,"column":5}}],"line":278},"18":{"loc":{"start":{"line":283,"column":9},"end":{"line":286,"column":5}},"type":"if","locations":[{"start":{"line":283,"column":9},"end":{"line":286,"column":5}},{"start":{},"end":{}}],"line":283},"19":{"loc":{"start":{"line":288,"column":4},"end":{"line":291,"column":5}},"type":"if","locations":[{"start":{"line":288,"column":4},"end":{"line":291,"column":5}},{"start":{},"end":{}}],"line":288},"20":{"loc":{"start":{"line":292,"column":4},"end":{"line":294,"column":5}},"type":"if","locations":[{"start":{"line":292,"column":4},"end":{"line":294,"column":5}},{"start":{},"end":{}}],"line":292},"21":{"loc":{"start":{"line":296,"column":4},"end":{"line":299,"column":5}},"type":"if","locations":[{"start":{"line":296,"column":4},"end":{"line":299,"column":5}},{"start":{},"end":{}}],"line":296},"22":{"loc":{"start":{"line":304,"column":4},"end":{"line":309,"column":5}},"type":"if","locations":[{"start":{"line":304,"column":4},"end":{"line":309,"column":5}},{"start":{"line":307,"column":8},"end":{"line":309,"column":5}}],"line":304},"23":{"loc":{"start":{"line":321,"column":4},"end":{"line":326,"column":5}},"type":"if","locations":[{"start":{"line":321,"column":4},"end":{"line":326,"column":5}},{"start":{"line":324,"column":8},"end":{"line":326,"column":5}}],"line":321},"24":{"loc":{"start":{"line":330,"column":4},"end":{"line":333,"column":5}},"type":"if","locations":[{"start":{"line":330,"column":4},"end":{"line":333,"column":5}},{"start":{},"end":{}}],"line":330},"25":{"loc":{"start":{"line":340,"column":4},"end":{"line":347,"column":5}},"type":"if","locations":[{"start":{"line":340,"column":4},"end":{"line":347,"column":5}},{"start":{"line":344,"column":8},"end":{"line":347,"column":5}}],"line":340},"26":{"loc":{"start":{"line":353,"column":4},"end":{"line":356,"column":5}},"type":"if","locations":[{"start":{"line":353,"column":4},"end":{"line":356,"column":5}},{"start":{},"end":{}}],"line":353},"27":{"loc":{"start":{"line":359,"column":4},"end":{"line":366,"column":5}},"type":"if","locations":[{"start":{"line":359,"column":4},"end":{"line":366,"column":5}},{"start":{"line":364,"column":10},"end":{"line":366,"column":5}}],"line":359},"28":{"loc":{"start":{"line":369,"column":4},"end":{"line":374,"column":5}},"type":"if","locations":[{"start":{"line":369,"column":4},"end":{"line":374,"column":5}},{"start":{"line":372,"column":8},"end":{"line":374,"column":5}}],"line":369},"29":{"loc":{"start":{"line":392,"column":4},"end":{"line":397,"column":5}},"type":"if","locations":[{"start":{"line":392,"column":4},"end":{"line":397,"column":5}},{"start":{"line":395,"column":8},"end":{"line":397,"column":5}}],"line":392},"30":{"loc":{"start":{"line":392,"column":8},"end":{"line":392,"column":44}},"type":"binary-expr","locations":[{"start":{"line":392,"column":8},"end":{"line":392,"column":21}},{"start":{"line":392,"column":25},"end":{"line":392,"column":44}}],"line":392},"31":{"loc":{"start":{"line":415,"column":8},"end":{"line":425,"column":9}},"type":"if","locations":[{"start":{"line":415,"column":8},"end":{"line":425,"column":9}},{"start":{"line":420,"column":13},"end":{"line":425,"column":9}}],"line":415},"32":{"loc":{"start":{"line":436,"column":4},"end":{"line":439,"column":5}},"type":"if","locations":[{"start":{"line":436,"column":4},"end":{"line":439,"column":5}},{"start":{},"end":{}}],"line":436},"33":{"loc":{"start":{"line":446,"column":4},"end":{"line":452,"column":5}},"type":"if","locations":[{"start":{"line":446,"column":4},"end":{"line":452,"column":5}},{"start":{"line":449,"column":8},"end":{"line":452,"column":5}}],"line":446},"34":{"loc":{"start":{"line":461,"column":12},"end":{"line":466,"column":13}},"type":"if","locations":[{"start":{"line":461,"column":12},"end":{"line":466,"column":13}},{"start":{},"end":{}}],"line":461},"35":{"loc":{"start":{"line":462,"column":16},"end":{"line":465,"column":17}},"type":"if","locations":[{"start":{"line":462,"column":16},"end":{"line":465,"column":17}},{"start":{},"end":{}}],"line":462},"36":{"loc":{"start":{"line":469,"column":8},"end":{"line":479,"column":9}},"type":"if","locations":[{"start":{"line":469,"column":8},"end":{"line":479,"column":9}},{"start":{},"end":{}}],"line":469},"37":{"loc":{"start":{"line":490,"column":8},"end":{"line":493,"column":9}},"type":"if","locations":[{"start":{"line":490,"column":8},"end":{"line":493,"column":9}},{"start":{},"end":{}}],"line":490}},"s":{"0":5,"1":5,"2":5,"3":5,"4":5,"5":5,"6":5,"7":5,"8":5,"9":5,"10":5,"11":2,"12":5,"13":4,"14":4,"15":4,"16":4,"17":4,"18":2,"19":2,"20":2,"21":2,"22":2,"23":2,"24":5,"25":5,"26":1,"27":5,"28":5,"29":1,"30":1,"31":4,"32":2,"33":2,"34":1,"35":5,"36":2,"37":2,"38":2,"39":1,"40":1,"41":1,"42":5,"43":15,"44":1,"45":15,"46":15,"47":1,"48":1,"49":14,"50":12,"51":2,"52":1,"53":5,"54":3,"55":3,"56":3,"57":1,"58":2,"59":2,"60":5,"61":2,"62":2,"63":2,"64":1,"65":1,"66":5,"67":2,"68":2,"69":2,"70":1,"71":1,"72":1,"73":3,"74":3,"75":1,"76":5,"77":2,"78":2,"79":2,"80":2,"81":1,"82":1,"83":5,"84":3,"85":3,"86":3,"87":3,"88":1,"89":2,"90":5,"91":2,"92":2,"93":2,"94":1,"95":1,"96":10,"97":47,"98":47,"99":47,"100":47,"101":47,"102":5,"103":10,"104":10,"105":5,"106":10,"107":10,"108":10,"109":10,"110":10,"111":10,"112":10,"113":10,"114":10,"115":1,"116":1,"117":9,"118":9,"119":6,"120":1,"121":1,"122":5,"123":5,"124":5,"125":3,"126":1,"127":1,"128":2,"129":1,"130":1,"131":8,"132":1,"133":1,"134":8,"135":3,"136":8,"137":4,"138":4,"139":8,"140":8,"141":8,"142":1,"143":7,"144":5,"145":3,"146":3,"147":3,"148":3,"149":2,"150":1,"151":5,"152":7,"153":1,"154":1,"155":6,"156":6,"157":1,"158":1,"159":5,"160":4,"161":1,"162":1,"163":5,"164":4,"165":4,"166":4,"167":1,"168":1,"169":3,"170":3,"171":3,"172":2,"173":2,"174":2,"175":2,"176":1,"177":3,"178":3,"179":2,"180":1,"181":5,"182":1,"183":1,"184":5,"185":2,"186":2,"187":1,"188":1,"189":5,"190":3,"191":3,"192":3,"193":3,"194":3,"195":3,"196":3,"197":3,"198":3,"199":3,"200":3,"201":3,"202":2,"203":2,"204":1,"205":1,"206":5,"207":7,"208":1,"209":1,"210":6,"211":6,"212":1,"213":1,"214":5,"215":4,"216":1,"217":1,"218":3,"219":3,"220":3,"221":4,"222":4,"223":4,"224":4,"225":7,"226":7,"227":1,"228":1,"229":4,"230":4,"231":1,"232":1,"233":1,"234":1,"235":1,"236":1,"237":3,"238":3,"239":5,"240":4,"241":4,"242":4,"243":1,"244":1,"245":3,"246":3,"247":3,"248":3,"249":3,"250":3,"251":3,"252":4,"253":3,"254":3,"255":4,"256":4,"257":4,"258":3,"259":3,"260":5,"261":5,"262":5,"263":5,"264":5,"265":5,"266":5,"267":5,"268":5,"269":0,"270":0,"271":5},"f":{"0":2,"1":4,"2":2,"3":2,"4":2,"5":5,"6":2,"7":15,"8":3,"9":2,"10":2,"11":2,"12":3,"13":2,"14":10,"15":47,"16":10,"17":10,"18":3,"19":7,"20":4,"21":1,"22":2,"23":3,"24":3,"25":7,"26":3,"27":4,"28":5,"29":5},"b":{"0":[2,0],"1":[1,4],"2":[2,2],"3":[1,1],"4":[1,14],"5":[12,2],"6":[1,2],"7":[1,1],"8":[1,1],"9":[1,1],"10":[1,2],"11":[1,1],"12":[1,9],"13":[10,10,9,9],"14":[6,3],"15":[9,7],"16":[1,5],"17":[1,2],"18":[1,1],"19":[1,7],"20":[3,5],"21":[4,4],"22":[1,7],"23":[2,1],"24":[1,6],"25":[4,1],"26":[1,3],"27":[2,1],"28":[2,1],"29":[1,1],"30":[2,2],"31":[2,1],"32":[1,6],"33":[4,1],"34":[7,0],"35":[1,6],"36":[1,3],"37":[1,3]},"inputSourceMap":null,"_coverageSchema":"1a1c01bbd47fc00a2c39e90264f33305004495a9","hash":"f75c90b21d1a1af810f190634a191c3d2f9d4170"}
,"C:\\CPEN321\\project\\newserver\\CPEN321-GroupX\\server\\user.js": {"path":"C:\\CPEN321\\project\\newserver\\CPEN321-GroupX\\server\\user.js","statementMap":{"0":{"start":{"line":3,"column":18},"end":{"line":3,"column":92}},"1":{"start":{"line":4,"column":17},"end":{"line":4,"column":57}},"2":{"start":{"line":8,"column":16},"end":{"line":15,"column":1}},"3":{"start":{"line":20,"column":17},"end":{"line":20,"column":89}},"4":{"start":{"line":22,"column":4},"end":{"line":24,"column":5}},"5":{"start":{"line":23,"column":8},"end":{"line":23,"column":18}},"6":{"start":{"line":25,"column":4},"end":{"line":25,"column":17}},"7":{"start":{"line":29,"column":18},"end":{"line":29,"column":53}},"8":{"start":{"line":30,"column":4},"end":{"line":30,"column":28}},"9":{"start":{"line":31,"column":4},"end":{"line":31,"column":25}},"10":{"start":{"line":32,"column":4},"end":{"line":32,"column":31}},"11":{"start":{"line":33,"column":4},"end":{"line":33,"column":29}},"12":{"start":{"line":34,"column":4},"end":{"line":34,"column":18}},"13":{"start":{"line":49,"column":4},"end":{"line":65,"column":6}},"14":{"start":{"line":50,"column":8},"end":{"line":64,"column":14}},"15":{"start":{"line":53,"column":16},"end":{"line":56,"column":17}},"16":{"start":{"line":55,"column":20},"end":{"line":55,"column":29}},"17":{"start":{"line":57,"column":16},"end":{"line":63,"column":17}},"18":{"start":{"line":58,"column":36},"end":{"line":58,"column":54}},"19":{"start":{"line":59,"column":20},"end":{"line":59,"column":36}},"20":{"start":{"line":62,"column":20},"end":{"line":62,"column":54}},"21":{"start":{"line":69,"column":24},"end":{"line":69,"column":52}},"22":{"start":{"line":71,"column":4},"end":{"line":80,"column":5}},"23":{"start":{"line":72,"column":8},"end":{"line":72,"column":99}},"24":{"start":{"line":74,"column":20},"end":{"line":74,"column":75}},"25":{"start":{"line":78,"column":8},"end":{"line":78,"column":99}},"26":{"start":{"line":79,"column":8},"end":{"line":79,"column":48}},"27":{"start":{"line":82,"column":18},"end":{"line":82,"column":59}},"28":{"start":{"line":84,"column":16},"end":{"line":84,"column":70}},"29":{"start":{"line":88,"column":4},"end":{"line":88,"column":95}},"30":{"start":{"line":89,"column":4},"end":{"line":89,"column":78}},"31":{"start":{"line":90,"column":4},"end":{"line":90,"column":40}},"32":{"start":{"line":98,"column":15},"end":{"line":98,"column":43}},"33":{"start":{"line":99,"column":4},"end":{"line":99,"column":15}},"34":{"start":{"line":105,"column":15},"end":{"line":105,"column":43}},"35":{"start":{"line":106,"column":4},"end":{"line":108,"column":5}},"36":{"start":{"line":107,"column":8},"end":{"line":107,"column":20}},"37":{"start":{"line":109,"column":19},"end":{"line":109,"column":113}},"38":{"start":{"line":110,"column":4},"end":{"line":110,"column":32}},"39":{"start":{"line":117,"column":15},"end":{"line":117,"column":43}},"40":{"start":{"line":119,"column":4},"end":{"line":121,"column":5}},"41":{"start":{"line":120,"column":8},"end":{"line":120,"column":20}},"42":{"start":{"line":122,"column":14},"end":{"line":122,"column":19}},"43":{"start":{"line":123,"column":24},"end":{"line":123,"column":36}},"44":{"start":{"line":124,"column":4},"end":{"line":130,"column":5}},"45":{"start":{"line":125,"column":8},"end":{"line":129,"column":9}},"46":{"start":{"line":126,"column":12},"end":{"line":126,"column":51}},"47":{"start":{"line":127,"column":12},"end":{"line":127,"column":22}},"48":{"start":{"line":128,"column":12},"end":{"line":128,"column":18}},"49":{"start":{"line":132,"column":4},"end":{"line":135,"column":5}},"50":{"start":{"line":133,"column":8},"end":{"line":133,"column":27}},"51":{"start":{"line":134,"column":8},"end":{"line":134,"column":37}},"52":{"start":{"line":137,"column":19},"end":{"line":137,"column":128}},"53":{"start":{"line":138,"column":4},"end":{"line":138,"column":32}},"54":{"start":{"line":150,"column":24},"end":{"line":150,"column":97}},"55":{"start":{"line":152,"column":23},"end":{"line":152,"column":25}},"56":{"start":{"line":153,"column":19},"end":{"line":153,"column":21}},"57":{"start":{"line":155,"column":4},"end":{"line":167,"column":6}},"58":{"start":{"line":156,"column":8},"end":{"line":156,"column":35}},"59":{"start":{"line":157,"column":8},"end":{"line":166,"column":9}},"60":{"start":{"line":159,"column":12},"end":{"line":165,"column":14}},"61":{"start":{"line":160,"column":31},"end":{"line":160,"column":33}},"62":{"start":{"line":161,"column":16},"end":{"line":161,"column":46}},"63":{"start":{"line":162,"column":16},"end":{"line":162,"column":49}},"64":{"start":{"line":163,"column":16},"end":{"line":163,"column":44}},"65":{"start":{"line":164,"column":16},"end":{"line":164,"column":43}},"66":{"start":{"line":169,"column":17},"end":{"line":169,"column":19}},"67":{"start":{"line":170,"column":4},"end":{"line":170,"column":28}},"68":{"start":{"line":171,"column":4},"end":{"line":171,"column":38}},"69":{"start":{"line":173,"column":4},"end":{"line":173,"column":17}}},"fnMap":{"0":{"name":"checkAvailable","decl":{"start":{"line":19,"column":15},"end":{"line":19,"column":29}},"loc":{"start":{"line":19,"column":37},"end":{"line":26,"column":1}},"line":19},"1":{"name":"createNewUser","decl":{"start":{"line":28,"column":9},"end":{"line":28,"column":22}},"loc":{"start":{"line":28,"column":51},"end":{"line":35,"column":1}},"line":28},"2":{"name":"verify","decl":{"start":{"line":48,"column":9},"end":{"line":48,"column":15}},"loc":{"start":{"line":48,"column":22},"end":{"line":66,"column":1}},"line":48},"3":{"name":"(anonymous_3)","decl":{"start":{"line":49,"column":23},"end":{"line":49,"column":24}},"loc":{"start":{"line":49,"column":42},"end":{"line":65,"column":5}},"line":49},"4":{"name":"(anonymous_4)","decl":{"start":{"line":52,"column":12},"end":{"line":52,"column":13}},"loc":{"start":{"line":52,"column":32},"end":{"line":64,"column":13}},"line":52},"5":{"name":"registerNewUser","decl":{"start":{"line":68,"column":15},"end":{"line":68,"column":30}},"loc":{"start":{"line":68,"column":59},"end":{"line":92,"column":1}},"line":68},"6":{"name":"getProfile","decl":{"start":{"line":97,"column":15},"end":{"line":97,"column":25}},"loc":{"start":{"line":97,"column":33},"end":{"line":100,"column":1}},"line":97},"7":{"name":"updateProfile","decl":{"start":{"line":103,"column":15},"end":{"line":103,"column":28}},"loc":{"start":{"line":103,"column":48},"end":{"line":111,"column":1}},"line":103},"8":{"name":"updateHistory","decl":{"start":{"line":116,"column":15},"end":{"line":116,"column":28}},"loc":{"start":{"line":116,"column":47},"end":{"line":139,"column":1}},"line":116},"9":{"name":"getAllUserHistory","decl":{"start":{"line":149,"column":15},"end":{"line":149,"column":32}},"loc":{"start":{"line":149,"column":34},"end":{"line":174,"column":1}},"line":149},"10":{"name":"(anonymous_10)","decl":{"start":{"line":155,"column":26},"end":{"line":155,"column":27}},"loc":{"start":{"line":155,"column":34},"end":{"line":167,"column":5}},"line":155},"11":{"name":"(anonymous_11)","decl":{"start":{"line":159,"column":33},"end":{"line":159,"column":34}},"loc":{"start":{"line":159,"column":41},"end":{"line":165,"column":13}},"line":159}},"branchMap":{"0":{"loc":{"start":{"line":22,"column":4},"end":{"line":24,"column":5}},"type":"if","locations":[{"start":{"line":22,"column":4},"end":{"line":24,"column":5}},{"start":{},"end":{}}],"line":22},"1":{"loc":{"start":{"line":53,"column":16},"end":{"line":56,"column":17}},"type":"if","locations":[{"start":{"line":53,"column":16},"end":{"line":56,"column":17}},{"start":{},"end":{}}],"line":53},"2":{"loc":{"start":{"line":57,"column":16},"end":{"line":63,"column":17}},"type":"if","locations":[{"start":{"line":57,"column":16},"end":{"line":63,"column":17}},{"start":{"line":61,"column":20},"end":{"line":63,"column":17}}],"line":57},"3":{"loc":{"start":{"line":71,"column":4},"end":{"line":80,"column":5}},"type":"if","locations":[{"start":{"line":71,"column":4},"end":{"line":80,"column":5}},{"start":{},"end":{}}],"line":71},"4":{"loc":{"start":{"line":106,"column":4},"end":{"line":108,"column":5}},"type":"if","locations":[{"start":{"line":106,"column":4},"end":{"line":108,"column":5}},{"start":{},"end":{}}],"line":106},"5":{"loc":{"start":{"line":119,"column":4},"end":{"line":121,"column":5}},"type":"if","locations":[{"start":{"line":119,"column":4},"end":{"line":121,"column":5}},{"start":{},"end":{}}],"line":119},"6":{"loc":{"start":{"line":125,"column":8},"end":{"line":129,"column":9}},"type":"if","locations":[{"start":{"line":125,"column":8},"end":{"line":129,"column":9}},{"start":{},"end":{}}],"line":125},"7":{"loc":{"start":{"line":132,"column":4},"end":{"line":135,"column":5}},"type":"if","locations":[{"start":{"line":132,"column":4},"end":{"line":135,"column":5}},{"start":{},"end":{}}],"line":132},"8":{"loc":{"start":{"line":157,"column":8},"end":{"line":166,"column":9}},"type":"if","locations":[{"start":{"line":157,"column":8},"end":{"line":166,"column":9}},{"start":{},"end":{}}],"line":157}},"s":{"0":5,"1":5,"2":5,"3":25,"4":25,"5":9,"6":16,"7":1,"8":1,"9":1,"10":1,"11":1,"12":1,"13":4,"14":4,"15":4,"16":1,"17":3,"18":2,"19":2,"20":1,"21":2,"22":2,"23":1,"24":1,"25":1,"26":1,"27":1,"28":1,"29":1,"30":1,"31":1,"32":18,"33":18,"34":2,"35":2,"36":1,"37":1,"38":1,"39":3,"40":3,"41":1,"42":2,"43":2,"44":2,"45":4,"46":1,"47":1,"48":1,"49":2,"50":1,"51":1,"52":2,"53":2,"54":6,"55":6,"56":6,"57":6,"58":24,"59":24,"60":18,"61":48,"62":48,"63":48,"64":48,"65":48,"66":6,"67":6,"68":6,"69":6},"f":{"0":25,"1":1,"2":4,"3":4,"4":4,"5":2,"6":18,"7":2,"8":3,"9":6,"10":24,"11":48},"b":{"0":[9,16],"1":[1,3],"2":[2,1],"3":[1,1],"4":[1,1],"5":[1,2],"6":[1,3],"7":[1,1],"8":[18,6]},"inputSourceMap":null,"_coverageSchema":"1a1c01bbd47fc00a2c39e90264f33305004495a9","hash":"8bbda0748c06cc4d2908cf23bb987bca66bd7364"}
,"C:\\CPEN321\\project\\newserver\\CPEN321-GroupX\\server\\articles\\articlesMngt.js": {"path":"C:\\CPEN321\\project\\newserver\\CPEN321-GroupX\\server\\articles\\articlesMngt.js","statementMap":{"0":{"start":{"line":4,"column":19},"end":{"line":11,"column":1}},"1":{"start":{"line":25,"column":25},"end":{"line":25,"column":95}},"2":{"start":{"line":26,"column":4},"end":{"line":26,"column":47}},"3":{"start":{"line":28,"column":4},"end":{"line":30,"column":5}},"4":{"start":{"line":29,"column":8},"end":{"line":29,"column":19}},"5":{"start":{"line":31,"column":4},"end":{"line":31,"column":26}},"6":{"start":{"line":38,"column":25},"end":{"line":38,"column":89}},"7":{"start":{"line":39,"column":4},"end":{"line":39,"column":49}},"8":{"start":{"line":42,"column":4},"end":{"line":44,"column":5}},"9":{"start":{"line":43,"column":8},"end":{"line":43,"column":17}},"10":{"start":{"line":46,"column":4},"end":{"line":48,"column":5}},"11":{"start":{"line":47,"column":8},"end":{"line":47,"column":48}},"12":{"start":{"line":49,"column":4},"end":{"line":49,"column":24}},"13":{"start":{"line":57,"column":28},"end":{"line":57,"column":105}},"14":{"start":{"line":58,"column":24},"end":{"line":58,"column":26}},"15":{"start":{"line":60,"column":4},"end":{"line":64,"column":6}},"16":{"start":{"line":62,"column":12},"end":{"line":62,"column":50}},"17":{"start":{"line":66,"column":4},"end":{"line":66,"column":26}}},"fnMap":{"0":{"name":"searchById","decl":{"start":{"line":24,"column":22},"end":{"line":24,"column":32}},"loc":{"start":{"line":24,"column":43},"end":{"line":32,"column":1}},"line":24},"1":{"name":"searchByFilter","decl":{"start":{"line":36,"column":22},"end":{"line":36,"column":36}},"loc":{"start":{"line":36,"column":43},"end":{"line":51,"column":1}},"line":36},"2":{"name":"getArticleIds","decl":{"start":{"line":56,"column":22},"end":{"line":56,"column":35}},"loc":{"start":{"line":56,"column":37},"end":{"line":67,"column":1}},"line":56},"3":{"name":"(anonymous_3)","decl":{"start":{"line":60,"column":30},"end":{"line":60,"column":31}},"loc":{"start":{"line":60,"column":41},"end":{"line":64,"column":5}},"line":60}},"branchMap":{"0":{"loc":{"start":{"line":28,"column":4},"end":{"line":30,"column":5}},"type":"if","locations":[{"start":{"line":28,"column":4},"end":{"line":30,"column":5}},{"start":{},"end":{}}],"line":28},"1":{"loc":{"start":{"line":28,"column":8},"end":{"line":28,"column":62}},"type":"binary-expr","locations":[{"start":{"line":28,"column":8},"end":{"line":28,"column":33}},{"start":{"line":28,"column":37},"end":{"line":28,"column":62}}],"line":28},"2":{"loc":{"start":{"line":42,"column":4},"end":{"line":44,"column":5}},"type":"if","locations":[{"start":{"line":42,"column":4},"end":{"line":44,"column":5}},{"start":{},"end":{}}],"line":42},"3":{"loc":{"start":{"line":42,"column":8},"end":{"line":42,"column":63}},"type":"binary-expr","locations":[{"start":{"line":42,"column":8},"end":{"line":42,"column":34}},{"start":{"line":42,"column":38},"end":{"line":42,"column":63}}],"line":42},"4":{"loc":{"start":{"line":46,"column":4},"end":{"line":48,"column":5}},"type":"if","locations":[{"start":{"line":46,"column":4},"end":{"line":48,"column":5}},{"start":{},"end":{}}],"line":46}},"s":{"0":5,"1":9,"2":9,"3":9,"4":4,"5":5,"6":14,"7":14,"8":14,"9":5,"10":9,"11":1,"12":9,"13":6,"14":6,"15":6,"16":18,"17":6},"f":{"0":9,"1":14,"2":6,"3":18},"b":{"0":[4,5],"1":[9,9],"2":[5,9],"3":[14,14],"4":[1,8]},"inputSourceMap":null,"_coverageSchema":"1a1c01bbd47fc00a2c39e90264f33305004495a9","hash":"a7d088a00c665a2ed5d2dd60971397e1e53345a1"}
,"C:\\CPEN321\\project\\newserver\\CPEN321-GroupX\\server\\articles\\recommendation.js": {"path":"C:\\CPEN321\\project\\newserver\\CPEN321-GroupX\\server\\articles\\recommendation.js","statementMap":{"0":{"start":{"line":7,"column":19},"end":{"line":7,"column":44}},"1":{"start":{"line":8,"column":23},"end":{"line":8,"column":44}},"2":{"start":{"line":9,"column":16},"end":{"line":9,"column":30}},"3":{"start":{"line":10,"column":16},"end":{"line":10,"column":37}},"4":{"start":{"line":12,"column":25},"end":{"line":12,"column":27}},"5":{"start":{"line":14,"column":2},"end":{"line":16,"column":3}},"6":{"start":{"line":15,"column":4},"end":{"line":15,"column":30}},"7":{"start":{"line":18,"column":2},"end":{"line":27,"column":3}},"8":{"start":{"line":19,"column":4},"end":{"line":21,"column":5}},"9":{"start":{"line":20,"column":6},"end":{"line":20,"column":46}},"10":{"start":{"line":22,"column":4},"end":{"line":26,"column":5}},"11":{"start":{"line":23,"column":6},"end":{"line":23,"column":81}},"12":{"start":{"line":25,"column":6},"end":{"line":25,"column":82}},"13":{"start":{"line":30,"column":28},"end":{"line":30,"column":30}},"14":{"start":{"line":31,"column":24},"end":{"line":31,"column":46}},"15":{"start":{"line":33,"column":4},"end":{"line":38,"column":5}},"16":{"start":{"line":34,"column":6},"end":{"line":37,"column":7}},"17":{"start":{"line":36,"column":8},"end":{"line":36,"column":83}},"18":{"start":{"line":41,"column":34},"end":{"line":41,"column":93}},"19":{"start":{"line":41,"column":81},"end":{"line":41,"column":92}},"20":{"start":{"line":42,"column":4},"end":{"line":42,"column":38}},"21":{"start":{"line":43,"column":4},"end":{"line":43,"column":33}},"22":{"start":{"line":48,"column":18},"end":{"line":48,"column":19}},"23":{"start":{"line":49,"column":20},"end":{"line":49,"column":21}},"24":{"start":{"line":51,"column":2},"end":{"line":57,"column":3}},"25":{"start":{"line":52,"column":4},"end":{"line":56,"column":5}},"26":{"start":{"line":53,"column":25},"end":{"line":53,"column":74}},"27":{"start":{"line":54,"column":6},"end":{"line":54,"column":61}},"28":{"start":{"line":55,"column":6},"end":{"line":55,"column":32}},"29":{"start":{"line":59,"column":2},"end":{"line":59,"column":57}},"30":{"start":{"line":64,"column":17},"end":{"line":64,"column":38}},"31":{"start":{"line":65,"column":17},"end":{"line":65,"column":38}},"32":{"start":{"line":67,"column":22},"end":{"line":67,"column":72}},"33":{"start":{"line":67,"column":59},"end":{"line":67,"column":71}},"34":{"start":{"line":69,"column":2},"end":{"line":71,"column":3}},"35":{"start":{"line":70,"column":4},"end":{"line":70,"column":13}},"36":{"start":{"line":73,"column":19},"end":{"line":73,"column":20}},"37":{"start":{"line":74,"column":20},"end":{"line":74,"column":21}},"38":{"start":{"line":75,"column":20},"end":{"line":75,"column":21}},"39":{"start":{"line":77,"column":2},"end":{"line":83,"column":3}},"40":{"start":{"line":78,"column":18},"end":{"line":78,"column":30}},"41":{"start":{"line":79,"column":18},"end":{"line":79,"column":30}},"42":{"start":{"line":80,"column":4},"end":{"line":80,"column":32}},"43":{"start":{"line":81,"column":4},"end":{"line":81,"column":30}},"44":{"start":{"line":82,"column":4},"end":{"line":82,"column":30}},"45":{"start":{"line":85,"column":2},"end":{"line":85,"column":72}}},"fnMap":{"0":{"name":"collaborativeFilteringRecommendations","decl":{"start":{"line":5,"column":22},"end":{"line":5,"column":59}},"loc":{"start":{"line":5,"column":68},"end":{"line":44,"column":3}},"line":5},"1":{"name":"(anonymous_1)","decl":{"start":{"line":41,"column":71},"end":{"line":41,"column":72}},"loc":{"start":{"line":41,"column":81},"end":{"line":41,"column":92}},"line":41},"2":{"name":"predictRating","decl":{"start":{"line":47,"column":9},"end":{"line":47,"column":22}},"loc":{"start":{"line":47,"column":62},"end":{"line":60,"column":1}},"line":47},"3":{"name":"calculateSimilarity","decl":{"start":{"line":63,"column":9},"end":{"line":63,"column":28}},"loc":{"start":{"line":63,"column":59},"end":{"line":86,"column":1}},"line":63},"4":{"name":"(anonymous_4)","decl":{"start":{"line":67,"column":49},"end":{"line":67,"column":50}},"loc":{"start":{"line":67,"column":59},"end":{"line":67,"column":71}},"line":67}},"branchMap":{"0":{"loc":{"start":{"line":19,"column":4},"end":{"line":21,"column":5}},"type":"if","locations":[{"start":{"line":19,"column":4},"end":{"line":21,"column":5}},{"start":{},"end":{}}],"line":19},"1":{"loc":{"start":{"line":22,"column":4},"end":{"line":26,"column":5}},"type":"if","locations":[{"start":{"line":22,"column":4},"end":{"line":26,"column":5}},{"start":{"line":24,"column":11},"end":{"line":26,"column":5}}],"line":22},"2":{"loc":{"start":{"line":34,"column":6},"end":{"line":37,"column":7}},"type":"if","locations":[{"start":{"line":34,"column":6},"end":{"line":37,"column":7}},{"start":{},"end":{}}],"line":34},"3":{"loc":{"start":{"line":52,"column":4},"end":{"line":56,"column":5}},"type":"if","locations":[{"start":{"line":52,"column":4},"end":{"line":56,"column":5}},{"start":{},"end":{}}],"line":52},"4":{"loc":{"start":{"line":52,"column":8},"end":{"line":52,"column":55}},"type":"binary-expr","locations":[{"start":{"line":52,"column":8},"end":{"line":52,"column":23}},{"start":{"line":52,"column":27},"end":{"line":52,"column":55}}],"line":52},"5":{"loc":{"start":{"line":59,"column":9},"end":{"line":59,"column":56}},"type":"cond-expr","locations":[{"start":{"line":59,"column":29},"end":{"line":59,"column":30}},{"start":{"line":59,"column":33},"end":{"line":59,"column":56}}],"line":59},"6":{"loc":{"start":{"line":69,"column":2},"end":{"line":71,"column":3}},"type":"if","locations":[{"start":{"line":69,"column":2},"end":{"line":71,"column":3}},{"start":{},"end":{}}],"line":69}},"s":{"0":6,"1":6,"2":6,"3":6,"4":6,"5":6,"6":24,"7":6,"8":48,"9":0,"10":48,"11":48,"12":0,"13":6,"14":6,"15":6,"16":18,"17":8,"18":6,"19":4,"20":6,"21":6,"22":8,"23":8,"24":8,"25":32,"26":20,"27":20,"28":20,"29":8,"30":20,"31":20,"32":20,"33":8,"34":20,"35":16,"36":4,"37":4,"38":4,"39":4,"40":8,"41":8,"42":8,"43":8,"44":8,"45":4},"f":{"0":6,"1":4,"2":8,"3":20,"4":8},"b":{"0":[0,48],"1":[48,0],"2":[8,10],"3":[20,12],"4":[32,24],"5":[6,2],"6":[16,4]},"inputSourceMap":null,"_coverageSchema":"1a1c01bbd47fc00a2c39e90264f33305004495a9","hash":"5d7c50674525b5c69c2ef1b9d769dbfff7fa08b2"}
,"C:\\CPEN321\\project\\newserver\\CPEN321-GroupX\\server\\articles\\retriever.js": {"path":"C:\\CPEN321\\project\\newserver\\CPEN321-GroupX\\server\\articles\\retriever.js","statementMap":{"0":{"start":{"line":8,"column":23},"end":{"line":8,"column":65}},"1":{"start":{"line":9,"column":9},"end":{"line":9,"column":11}},"2":{"start":{"line":10,"column":0},"end":{"line":16,"column":1}},"3":{"start":{"line":11,"column":2},"end":{"line":11,"column":18}},"4":{"start":{"line":15,"column":2},"end":{"line":15,"column":27}},"5":{"start":{"line":17,"column":22},"end":{"line":17,"column":79}},"6":{"start":{"line":18,"column":21},"end":{"line":18,"column":52}},"7":{"start":{"line":19,"column":9},"end":{"line":19,"column":10}},"8":{"start":{"line":23,"column":14},"end":{"line":23,"column":38}},"9":{"start":{"line":25,"column":4},"end":{"line":32,"column":5}},"10":{"start":{"line":26,"column":8},"end":{"line":26,"column":78}},"11":{"start":{"line":30,"column":8},"end":{"line":30,"column":92}},"12":{"start":{"line":33,"column":16},"end":{"line":42,"column":6}},"13":{"start":{"line":43,"column":4},"end":{"line":43,"column":19}},"14":{"start":{"line":50,"column":19},"end":{"line":50,"column":23}},"15":{"start":{"line":51,"column":4},"end":{"line":72,"column":5}},"16":{"start":{"line":52,"column":8},"end":{"line":52,"column":39}},"17":{"start":{"line":54,"column":8},"end":{"line":69,"column":9}},"18":{"start":{"line":55,"column":25},"end":{"line":55,"column":38}},"19":{"start":{"line":56,"column":22},"end":{"line":56,"column":40}},"20":{"start":{"line":58,"column":24},"end":{"line":58,"column":41}},"21":{"start":{"line":59,"column":23},"end":{"line":59,"column":25}},"22":{"start":{"line":61,"column":12},"end":{"line":63,"column":14}},"23":{"start":{"line":62,"column":16},"end":{"line":62,"column":45}},"24":{"start":{"line":64,"column":35},"end":{"line":67,"column":13}},"25":{"start":{"line":68,"column":12},"end":{"line":68,"column":35}},"26":{"start":{"line":71,"column":8},"end":{"line":71,"column":22}},"27":{"start":{"line":77,"column":17},"end":{"line":77,"column":40}},"28":{"start":{"line":78,"column":4},"end":{"line":80,"column":5}},"29":{"start":{"line":79,"column":8},"end":{"line":79,"column":30}},"30":{"start":{"line":81,"column":27},"end":{"line":81,"column":29}},"31":{"start":{"line":82,"column":4},"end":{"line":130,"column":5}},"32":{"start":{"line":83,"column":27},"end":{"line":83,"column":29}},"33":{"start":{"line":84,"column":8},"end":{"line":84,"column":39}},"34":{"start":{"line":85,"column":22},"end":{"line":85,"column":50}},"35":{"start":{"line":87,"column":8},"end":{"line":89,"column":9}},"36":{"start":{"line":88,"column":12},"end":{"line":88,"column":20}},"37":{"start":{"line":91,"column":24},"end":{"line":91,"column":26}},"38":{"start":{"line":92,"column":26},"end":{"line":92,"column":27}},"39":{"start":{"line":93,"column":8},"end":{"line":97,"column":10}},"40":{"start":{"line":94,"column":12},"end":{"line":94,"column":38}},"41":{"start":{"line":95,"column":12},"end":{"line":95,"column":34}},"42":{"start":{"line":96,"column":12},"end":{"line":96,"column":28}},"43":{"start":{"line":98,"column":26},"end":{"line":98,"column":98}},"44":{"start":{"line":100,"column":8},"end":{"line":106,"column":9}},"45":{"start":{"line":101,"column":12},"end":{"line":101,"column":20}},"46":{"start":{"line":104,"column":12},"end":{"line":104,"column":45}},"47":{"start":{"line":105,"column":12},"end":{"line":105,"column":46}},"48":{"start":{"line":108,"column":8},"end":{"line":108,"column":71}},"49":{"start":{"line":109,"column":8},"end":{"line":109,"column":58}},"50":{"start":{"line":111,"column":20},"end":{"line":111,"column":36}},"51":{"start":{"line":112,"column":8},"end":{"line":128,"column":9}},"52":{"start":{"line":113,"column":12},"end":{"line":113,"column":40}},"53":{"start":{"line":114,"column":12},"end":{"line":114,"column":35}},"54":{"start":{"line":115,"column":12},"end":{"line":119,"column":13}},"55":{"start":{"line":116,"column":16},"end":{"line":116,"column":45}},"56":{"start":{"line":117,"column":16},"end":{"line":117,"column":54}},"57":{"start":{"line":118,"column":16},"end":{"line":118,"column":36}},"58":{"start":{"line":122,"column":12},"end":{"line":124,"column":13}},"59":{"start":{"line":123,"column":16},"end":{"line":123,"column":29}},"60":{"start":{"line":126,"column":12},"end":{"line":126,"column":45}},"61":{"start":{"line":127,"column":12},"end":{"line":127,"column":29}},"62":{"start":{"line":129,"column":8},"end":{"line":129,"column":44}},"63":{"start":{"line":131,"column":4},"end":{"line":131,"column":30}},"64":{"start":{"line":132,"column":4},"end":{"line":132,"column":34}},"65":{"start":{"line":133,"column":4},"end":{"line":133,"column":28}},"66":{"start":{"line":137,"column":4},"end":{"line":141,"column":5}},"67":{"start":{"line":138,"column":8},"end":{"line":140,"column":9}},"68":{"start":{"line":139,"column":12},"end":{"line":139,"column":18}},"69":{"start":{"line":142,"column":4},"end":{"line":142,"column":35}},"70":{"start":{"line":143,"column":4},"end":{"line":143,"column":38}},"71":{"start":{"line":144,"column":4},"end":{"line":144,"column":28}},"72":{"start":{"line":145,"column":4},"end":{"line":145,"column":10}},"73":{"start":{"line":149,"column":4},"end":{"line":153,"column":5}},"74":{"start":{"line":150,"column":8},"end":{"line":150,"column":30}},"75":{"start":{"line":151,"column":8},"end":{"line":151,"column":15}},"76":{"start":{"line":152,"column":8},"end":{"line":152,"column":85}}},"fnMap":{"0":{"name":"searchNews","decl":{"start":{"line":22,"column":15},"end":{"line":22,"column":25}},"loc":{"start":{"line":22,"column":32},"end":{"line":45,"column":1}},"line":22},"1":{"name":"scrapeURL","decl":{"start":{"line":49,"column":15},"end":{"line":49,"column":24}},"loc":{"start":{"line":49,"column":29},"end":{"line":73,"column":1}},"line":49},"2":{"name":"(anonymous_2)","decl":{"start":{"line":61,"column":25},"end":{"line":61,"column":26}},"loc":{"start":{"line":61,"column":43},"end":{"line":63,"column":13}},"line":61},"3":{"name":"bingNewsRetriever","decl":{"start":{"line":76,"column":15},"end":{"line":76,"column":32}},"loc":{"start":{"line":76,"column":39},"end":{"line":134,"column":1}},"line":76},"4":{"name":"(anonymous_4)","decl":{"start":{"line":93,"column":29},"end":{"line":93,"column":30}},"loc":{"start":{"line":93,"column":42},"end":{"line":97,"column":9}},"line":93},"5":{"name":"addToTheme","decl":{"start":{"line":136,"column":9},"end":{"line":136,"column":19}},"loc":{"start":{"line":136,"column":29},"end":{"line":146,"column":1}},"line":136},"6":{"name":"addToDb","decl":{"start":{"line":148,"column":15},"end":{"line":148,"column":22}},"loc":{"start":{"line":148,"column":35},"end":{"line":154,"column":1}},"line":148}},"branchMap":{"0":{"loc":{"start":{"line":10,"column":0},"end":{"line":16,"column":1}},"type":"if","locations":[{"start":{"line":10,"column":0},"end":{"line":16,"column":1}},{"start":{"line":14,"column":4},"end":{"line":16,"column":1}}],"line":10},"1":{"loc":{"start":{"line":25,"column":4},"end":{"line":32,"column":5}},"type":"if","locations":[{"start":{"line":25,"column":4},"end":{"line":32,"column":5}},{"start":{"line":29,"column":8},"end":{"line":32,"column":5}}],"line":25},"2":{"loc":{"start":{"line":54,"column":8},"end":{"line":69,"column":9}},"type":"if","locations":[{"start":{"line":54,"column":8},"end":{"line":69,"column":9}},{"start":{},"end":{}}],"line":54},"3":{"loc":{"start":{"line":78,"column":4},"end":{"line":80,"column":5}},"type":"if","locations":[{"start":{"line":78,"column":4},"end":{"line":80,"column":5}},{"start":{},"end":{}}],"line":78},"4":{"loc":{"start":{"line":87,"column":8},"end":{"line":89,"column":9}},"type":"if","locations":[{"start":{"line":87,"column":8},"end":{"line":89,"column":9}},{"start":{},"end":{}}],"line":87},"5":{"loc":{"start":{"line":87,"column":12},"end":{"line":87,"column":66}},"type":"binary-expr","locations":[{"start":{"line":87,"column":12},"end":{"line":87,"column":37}},{"start":{"line":87,"column":41},"end":{"line":87,"column":66}}],"line":87},"6":{"loc":{"start":{"line":100,"column":8},"end":{"line":106,"column":9}},"type":"if","locations":[{"start":{"line":100,"column":8},"end":{"line":106,"column":9}},{"start":{"line":103,"column":12},"end":{"line":106,"column":9}}],"line":100},"7":{"loc":{"start":{"line":100,"column":12},"end":{"line":100,"column":52}},"type":"binary-expr","locations":[{"start":{"line":100,"column":12},"end":{"line":100,"column":31}},{"start":{"line":100,"column":35},"end":{"line":100,"column":52}}],"line":100},"8":{"loc":{"start":{"line":112,"column":8},"end":{"line":128,"column":9}},"type":"if","locations":[{"start":{"line":112,"column":8},"end":{"line":128,"column":9}},{"start":{"line":121,"column":12},"end":{"line":128,"column":9}}],"line":112},"9":{"loc":{"start":{"line":122,"column":12},"end":{"line":124,"column":13}},"type":"if","locations":[{"start":{"line":122,"column":12},"end":{"line":124,"column":13}},{"start":{},"end":{}}],"line":122},"10":{"loc":{"start":{"line":138,"column":8},"end":{"line":140,"column":9}},"type":"if","locations":[{"start":{"line":138,"column":8},"end":{"line":140,"column":9}},{"start":{},"end":{}}],"line":138}},"s":{"0":5,"1":5,"2":5,"3":5,"4":0,"5":5,"6":5,"7":5,"8":5,"9":5,"10":1,"11":4,"12":5,"13":5,"14":5,"15":5,"16":5,"17":4,"18":4,"19":4,"20":4,"21":4,"22":4,"23":9,"24":4,"25":4,"26":1,"27":5,"28":5,"29":1,"30":5,"31":5,"32":5,"33":5,"34":5,"35":5,"36":1,"37":4,"38":4,"39":4,"40":10,"41":10,"42":10,"43":4,"44":4,"45":1,"46":3,"47":3,"48":3,"49":3,"50":3,"51":3,"52":1,"53":1,"54":1,"55":2,"56":2,"57":2,"58":2,"59":2,"60":2,"61":2,"62":3,"63":5,"64":5,"65":5,"66":4,"67":4,"68":1,"69":3,"70":3,"71":3,"72":3,"73":5,"74":3,"75":3,"76":3},"f":{"0":5,"1":5,"2":9,"3":5,"4":10,"5":4,"6":5},"b":{"0":[5,0],"1":[1,4],"2":[4,0],"3":[1,4],"4":[1,4],"5":[5,5],"6":[1,3],"7":[4,1],"8":[1,2],"9":[2,0],"10":[1,3]},"inputSourceMap":null,"_coverageSchema":"1a1c01bbd47fc00a2c39e90264f33305004495a9","hash":"faa02379cd0fb84a915e775b4fb3bb32e59e439d"}
,"C:\\CPEN321\\project\\newserver\\CPEN321-GroupX\\server\\articles\\summaries.js": {"path":"C:\\CPEN321\\project\\newserver\\CPEN321-GroupX\\server\\articles\\summaries.js","statementMap":{"0":{"start":{"line":3,"column":18},"end":{"line":3,"column":127}},"1":{"start":{"line":4,"column":9},"end":{"line":4,"column":11}},"2":{"start":{"line":5,"column":0},"end":{"line":11,"column":1}},"3":{"start":{"line":6,"column":2},"end":{"line":6,"column":25}},"4":{"start":{"line":10,"column":2},"end":{"line":10,"column":34}},"5":{"start":{"line":12,"column":19},"end":{"line":32,"column":1}},"6":{"start":{"line":35,"column":32},"end":{"line":59,"column":1}},"7":{"start":{"line":36,"column":13},"end":{"line":36,"column":23}},"8":{"start":{"line":37,"column":2},"end":{"line":37,"column":46}},"9":{"start":{"line":38,"column":2},"end":{"line":38,"column":57}},"10":{"start":{"line":39,"column":2},"end":{"line":58,"column":3}},"11":{"start":{"line":40,"column":25},"end":{"line":40,"column":60}},"12":{"start":{"line":42,"column":21},"end":{"line":45,"column":10}},"13":{"start":{"line":47,"column":15},"end":{"line":47,"column":59}},"14":{"start":{"line":50,"column":4},"end":{"line":53,"column":44}},"15":{"start":{"line":51,"column":8},"end":{"line":51,"column":26}},"16":{"start":{"line":52,"column":8},"end":{"line":52,"column":41}},"17":{"start":{"line":54,"column":4},"end":{"line":54,"column":73}},"18":{"start":{"line":57,"column":6},"end":{"line":57,"column":16}},"19":{"start":{"line":62,"column":17},"end":{"line":69,"column":1}},"20":{"start":{"line":63,"column":23},"end":{"line":63,"column":58}},"21":{"start":{"line":64,"column":19},"end":{"line":67,"column":4}},"22":{"start":{"line":68,"column":2},"end":{"line":68,"column":23}},"23":{"start":{"line":73,"column":2},"end":{"line":75,"column":5}},"24":{"start":{"line":74,"column":4},"end":{"line":74,"column":28}}},"fnMap":{"0":{"name":"(anonymous_0)","decl":{"start":{"line":35,"column":32},"end":{"line":35,"column":33}},"loc":{"start":{"line":35,"column":67},"end":{"line":59,"column":1}},"line":35},"1":{"name":"(anonymous_1)","decl":{"start":{"line":62,"column":17},"end":{"line":62,"column":18}},"loc":{"start":{"line":62,"column":37},"end":{"line":69,"column":1}},"line":62},"2":{"name":"sleep","decl":{"start":{"line":72,"column":9},"end":{"line":72,"column":14}},"loc":{"start":{"line":72,"column":19},"end":{"line":76,"column":1}},"line":72},"3":{"name":"(anonymous_3)","decl":{"start":{"line":73,"column":21},"end":{"line":73,"column":22}},"loc":{"start":{"line":73,"column":34},"end":{"line":75,"column":3}},"line":73}},"branchMap":{"0":{"loc":{"start":{"line":5,"column":0},"end":{"line":11,"column":1}},"type":"if","locations":[{"start":{"line":5,"column":0},"end":{"line":11,"column":1}},{"start":{"line":9,"column":4},"end":{"line":11,"column":1}}],"line":5}},"s":{"0":5,"1":5,"2":5,"3":5,"4":0,"5":5,"6":5,"7":4,"8":4,"9":4,"10":4,"11":4,"12":4,"13":3,"14":3,"15":3,"16":3,"17":3,"18":1,"19":5,"20":3,"21":3,"22":3,"23":3,"24":3},"f":{"0":4,"1":3,"2":3,"3":3},"b":{"0":[5,0]},"inputSourceMap":null,"_coverageSchema":"1a1c01bbd47fc00a2c39e90264f33305004495a9","hash":"58352b86fc7514f5394df3aaf16f038d2ac08e00"}
,"C:\\CPEN321\\project\\newserver\\CPEN321-GroupX\\server\\forum_module\\forum_interface.js": {"path":"C:\\CPEN321\\project\\newserver\\CPEN321-GroupX\\server\\forum_module\\forum_interface.js","statementMap":{"0":{"start":{"line":9,"column":14},"end":{"line":9,"column":24}},"1":{"start":{"line":10,"column":12},"end":{"line":10,"column":71}},"2":{"start":{"line":11,"column":1},"end":{"line":11,"column":13}},"3":{"start":{"line":22,"column":18},"end":{"line":31,"column":5}},"4":{"start":{"line":23,"column":20},"end":{"line":26,"column":9}},"5":{"start":{"line":27,"column":8},"end":{"line":27,"column":40}},"6":{"start":{"line":28,"column":8},"end":{"line":28,"column":28}},"7":{"start":{"line":29,"column":8},"end":{"line":29,"column":80}},"8":{"start":{"line":30,"column":8},"end":{"line":30,"column":21}},"9":{"start":{"line":34,"column":19},"end":{"line":43,"column":5}},"10":{"start":{"line":37,"column":27},"end":{"line":37,"column":122}},"11":{"start":{"line":39,"column":12},"end":{"line":39,"column":28}},"12":{"start":{"line":45,"column":15},"end":{"line":57,"column":5}},"13":{"start":{"line":49,"column":27},"end":{"line":49,"column":112}},"14":{"start":{"line":51,"column":12},"end":{"line":51,"column":28}},"15":{"start":{"line":61,"column":24},"end":{"line":80,"column":5}},"16":{"start":{"line":62,"column":25},"end":{"line":62,"column":36}},"17":{"start":{"line":65,"column":22},"end":{"line":69,"column":9}},"18":{"start":{"line":70,"column":8},"end":{"line":72,"column":9}},"19":{"start":{"line":71,"column":12},"end":{"line":71,"column":25}},"20":{"start":{"line":75,"column":25},"end":{"line":76,"column":84}},"21":{"start":{"line":78,"column":8},"end":{"line":78,"column":49}}},"fnMap":{"0":{"name":"dateAdded","decl":{"start":{"line":8,"column":9},"end":{"line":8,"column":18}},"loc":{"start":{"line":8,"column":20},"end":{"line":12,"column":1}},"line":8},"1":{"name":"(anonymous_1)","decl":{"start":{"line":16,"column":4},"end":{"line":16,"column":5}},"loc":{"start":{"line":16,"column":16},"end":{"line":18,"column":5}},"line":16},"2":{"name":"(anonymous_2)","decl":{"start":{"line":22,"column":18},"end":{"line":22,"column":19}},"loc":{"start":{"line":22,"column":52},"end":{"line":31,"column":5}},"line":22},"3":{"name":"(anonymous_3)","decl":{"start":{"line":34,"column":19},"end":{"line":34,"column":20}},"loc":{"start":{"line":34,"column":35},"end":{"line":43,"column":5}},"line":34},"4":{"name":"(anonymous_4)","decl":{"start":{"line":45,"column":15},"end":{"line":45,"column":16}},"loc":{"start":{"line":45,"column":39},"end":{"line":57,"column":5}},"line":45},"5":{"name":"(anonymous_5)","decl":{"start":{"line":61,"column":24},"end":{"line":61,"column":25}},"loc":{"start":{"line":61,"column":70},"end":{"line":80,"column":5}},"line":61}},"branchMap":{"0":{"loc":{"start":{"line":70,"column":8},"end":{"line":72,"column":9}},"type":"if","locations":[{"start":{"line":70,"column":8},"end":{"line":72,"column":9}},{"start":{},"end":{}}],"line":70}},"s":{"0":6,"1":6,"2":6,"3":5,"4":3,"5":3,"6":3,"7":3,"8":3,"9":5,"10":1,"11":1,"12":5,"13":3,"14":3,"15":5,"16":3,"17":3,"18":3,"19":1,"20":2,"21":2},"f":{"0":6,"1":0,"2":3,"3":1,"4":3,"5":3},"b":{"0":[1,2]},"inputSourceMap":null,"_coverageSchema":"1a1c01bbd47fc00a2c39e90264f33305004495a9","hash":"934d9e524b00e9e09a49ce7ba214c8be1391f033"}
,"C:\\CPEN321\\project\\newserver\\CPEN321-GroupX\\server\\tests\\testArticles.js": {"path":"C:\\CPEN321\\project\\newserver\\CPEN321-GroupX\\server\\tests\\testArticles.js","statementMap":{"0":{"start":{"line":1,"column":21},"end":{"line":8,"column":1}},"1":{"start":{"line":10,"column":21},"end":{"line":17,"column":1}},"2":{"start":{"line":19,"column":21},"end":{"line":26,"column":1}}},"fnMap":{},"branchMap":{},"s":{"0":2,"1":2,"2":2},"f":{},"b":{},"inputSourceMap":null,"_coverageSchema":"1a1c01bbd47fc00a2c39e90264f33305004495a9","hash":"54beaedaf1bc99e17d225d73fbcc35e750948520"}
,"C:\\CPEN321\\project\\newserver\\CPEN321-GroupX\\server\\tests\\testForum.js": {"path":"C:\\CPEN321\\project\\newserver\\CPEN321-GroupX\\server\\tests\\testForum.js","statementMap":{"0":{"start":{"line":1,"column":15},"end":{"line":5,"column":1}},"1":{"start":{"line":8,"column":21},"end":{"line":17,"column":1}},"2":{"start":{"line":20,"column":15},"end":{"line":24,"column":1}},"3":{"start":{"line":28,"column":15},"end":{"line":32,"column":1}},"4":{"start":{"line":35,"column":17},"end":{"line":39,"column":1}},"5":{"start":{"line":41,"column":29},"end":{"line":45,"column":1}},"6":{"start":{"line":47,"column":28},"end":{"line":51,"column":1}}},"fnMap":{},"branchMap":{},"s":{"0":1,"1":1,"2":1,"3":1,"4":1,"5":1,"6":1},"f":{},"b":{},"inputSourceMap":null,"_coverageSchema":"1a1c01bbd47fc00a2c39e90264f33305004495a9","hash":"937c8b5824c2584cbfe4e7fc4320f18dc278d790"}
,"C:\\CPEN321\\project\\newserver\\CPEN321-GroupX\\server\\tests\\testUsers.js": {"path":"C:\\CPEN321\\project\\newserver\\CPEN321-GroupX\\server\\tests\\testUsers.js","statementMap":{"0":{"start":{"line":1,"column":18},"end":{"line":21,"column":1}},"1":{"start":{"line":22,"column":18},"end":{"line":39,"column":1}},"2":{"start":{"line":40,"column":18},"end":{"line":47,"column":1}},"3":{"start":{"line":49,"column":18},"end":{"line":69,"column":1}}},"fnMap":{},"branchMap":{},"s":{"0":3,"1":3,"2":3,"3":3},"f":{},"b":{},"inputSourceMap":null,"_coverageSchema":"1a1c01bbd47fc00a2c39e90264f33305004495a9","hash":"e4f9b762674e1298919ed75918f1986af6a18057"}
}
