TN:
SF:server\server.js
FN:47,isErr
FN:57,(anonymous_1)
FN:62,(anonymous_2)
FN:65,(anonymous_3)
FN:70,(anonymous_4)
FN:76,(anonymous_5)
FN:96,(anonymous_6)
FN:109,(anonymous_7)
FN:132,(anonymous_8)
FN:148,(anonymous_9)
FN:163,(anonymous_10)
FN:184,(anonymous_11)
FN:200,(anonymous_12)
FN:219,(anonymous_13)
FN:232,sanitiezInputs
FN:233,(anonymous_15)
FN:241,(anonymous_16)
FN:248,(anonymous_17)
FN:315,(anonymous_18)
FN:329,(anonymous_19)
FN:350,(anonymous_20)
FN:382,(anonymous_21)
FN:389,(anonymous_22)
FN:400,(anonymous_23)
FN:403,(anonymous_24)
FN:435,(anonymous_25)
FN:455,sortRecommended
FN:486,(anonymous_27)
FN:516,(anonymous_28)
FN:526,run
FNF:30
FNH:30
FNDA:2,isErr
FNDA:4,(anonymous_1)
FNDA:2,(anonymous_2)
FNDA:2,(anonymous_3)
FNDA:2,(anonymous_4)
FNDA:5,(anonymous_5)
FNDA:2,(anonymous_6)
FNDA:15,(anonymous_7)
FNDA:3,(anonymous_8)
FNDA:2,(anonymous_9)
FNDA:2,(anonymous_10)
FNDA:2,(anonymous_11)
FNDA:3,(anonymous_12)
FNDA:2,(anonymous_13)
FNDA:10,sanitiezInputs
FNDA:47,(anonymous_15)
FNDA:10,(anonymous_16)
FNDA:10,(anonymous_17)
FNDA:3,(anonymous_18)
FNDA:7,(anonymous_19)
FNDA:4,(anonymous_20)
FNDA:1,(anonymous_21)
FNDA:2,(anonymous_22)
FNDA:3,(anonymous_23)
FNDA:3,(anonymous_24)
FNDA:7,(anonymous_25)
FNDA:3,sortRecommended
FNDA:4,(anonymous_27)
FNDA:5,(anonymous_28)
FNDA:5,run
DA:15,5
DA:18,5
DA:20,5
DA:21,5
DA:23,5
DA:26,5
DA:27,5
DA:38,5
DA:40,5
DA:41,5
DA:43,5
DA:48,2
DA:57,5
DA:58,4
DA:59,4
DA:60,4
DA:61,4
DA:62,4
DA:64,2
DA:65,2
DA:66,2
DA:67,2
DA:68,2
DA:72,2
DA:76,5
DA:78,5
DA:79,1
DA:81,5
DA:82,5
DA:84,1
DA:85,1
DA:87,4
DA:89,2
DA:92,2
DA:93,1
DA:96,5
DA:97,2
DA:98,2
DA:99,2
DA:100,1
DA:101,1
DA:104,1
DA:109,5
DA:111,15
DA:112,1
DA:114,15
DA:115,15
DA:117,1
DA:118,1
DA:120,14
DA:122,12
DA:125,2
DA:126,1
DA:132,5
DA:133,3
DA:134,3
DA:137,3
DA:138,1
DA:141,2
DA:142,2
DA:148,5
DA:149,2
DA:150,2
DA:153,2
DA:154,1
DA:157,1
DA:163,5
DA:164,2
DA:166,2
DA:167,2
DA:168,1
DA:171,1
DA:173,1
DA:174,3
DA:175,3
DA:177,1
DA:184,5
DA:185,2
DA:186,2
DA:187,2
DA:189,2
DA:190,1
DA:193,1
DA:200,5
DA:201,3
DA:202,3
DA:205,3
DA:206,3
DA:207,1
DA:210,2
DA:219,5
DA:220,2
DA:222,2
DA:224,2
DA:225,1
DA:228,1
DA:233,10
DA:234,47
DA:235,47
DA:236,47
DA:237,47
DA:238,47
DA:241,5
DA:242,10
DA:243,10
DA:248,5
DA:249,10
DA:250,10
DA:251,10
DA:252,10
DA:253,10
DA:254,10
DA:255,10
DA:256,10
DA:257,10
DA:258,1
DA:259,1
DA:262,9
DA:263,9
DA:264,6
DA:265,1
DA:266,1
DA:270,5
DA:275,5
DA:276,5
DA:278,3
DA:279,1
DA:280,1
DA:283,2
DA:284,1
DA:285,1
DA:288,8
DA:289,1
DA:290,1
DA:292,8
DA:293,3
DA:296,8
DA:297,4
DA:298,4
DA:300,8
DA:301,8
DA:304,8
DA:305,1
DA:308,7
DA:315,5
DA:316,3
DA:319,3
DA:320,3
DA:321,3
DA:322,2
DA:325,1
DA:329,5
DA:330,7
DA:331,1
DA:332,1
DA:334,6
DA:335,6
DA:337,1
DA:338,1
DA:340,5
DA:342,4
DA:345,1
DA:346,1
DA:350,5
DA:351,4
DA:352,4
DA:353,4
DA:354,1
DA:355,1
DA:357,3
DA:358,3
DA:359,3
DA:360,2
DA:361,2
DA:363,2
DA:365,1
DA:368,3
DA:369,3
DA:370,2
DA:373,1
DA:382,5
DA:383,1
DA:384,1
DA:389,5
DA:390,2
DA:392,2
DA:393,1
DA:396,1
DA:400,5
DA:401,3
DA:403,3
DA:404,3
DA:405,3
DA:406,3
DA:408,3
DA:409,3
DA:410,3
DA:411,3
DA:412,3
DA:413,3
DA:415,3
DA:416,2
DA:418,2
DA:421,1
DA:424,1
DA:435,5
DA:436,7
DA:437,1
DA:438,1
DA:440,6
DA:441,6
DA:443,1
DA:444,1
DA:446,5
DA:447,4
DA:450,1
DA:451,1
DA:456,3
DA:457,3
DA:458,4
DA:459,4
DA:460,4
DA:461,7
DA:462,7
DA:463,1
DA:464,1
DA:468,4
DA:469,4
DA:471,1
DA:472,1
DA:473,1
DA:476,1
DA:477,1
DA:478,1
DA:481,3
DA:482,3
DA:486,5
DA:487,4
DA:489,4
DA:490,4
DA:491,1
DA:492,1
DA:494,3
DA:495,3
DA:496,3
DA:497,3
DA:498,3
DA:499,3
DA:500,4
DA:502,3
DA:503,4
DA:504,4
DA:505,4
DA:507,3
DA:508,3
DA:516,5
DA:517,5
DA:518,5
DA:524,5
DA:527,5
DA:528,5
DA:529,5
DA:530,5
DA:539,5
DA:545,0
DA:546,0
DA:549,5
LF:267
LH:265
BRDA:48,0,0,2
BRDA:48,0,1,0
BRDA:78,1,0,1
BRDA:78,1,1,4
BRDA:87,2,0,2
BRDA:87,2,1,2
BRDA:99,3,0,1
BRDA:99,3,1,1
BRDA:111,4,0,1
BRDA:111,4,1,14
BRDA:120,5,0,12
BRDA:120,5,1,2
BRDA:137,6,0,1
BRDA:137,6,1,2
BRDA:153,7,0,1
BRDA:153,7,1,1
BRDA:167,8,0,1
BRDA:167,8,1,1
BRDA:189,9,0,1
BRDA:189,9,1,1
BRDA:206,10,0,1
BRDA:206,10,1,2
BRDA:224,11,0,1
BRDA:224,11,1,1
BRDA:257,12,0,1
BRDA:257,12,1,9
BRDA:257,13,0,10
BRDA:257,13,1,10
BRDA:257,13,2,9
BRDA:257,13,3,9
BRDA:263,14,0,6
BRDA:263,14,1,3
BRDA:263,15,0,9
BRDA:263,15,1,7
BRDA:264,16,0,1
BRDA:264,16,1,5
BRDA:278,17,0,1
BRDA:278,17,1,2
BRDA:283,18,0,1
BRDA:283,18,1,1
BRDA:288,19,0,1
BRDA:288,19,1,7
BRDA:292,20,0,3
BRDA:292,20,1,5
BRDA:296,21,0,4
BRDA:296,21,1,4
BRDA:304,22,0,1
BRDA:304,22,1,7
BRDA:321,23,0,2
BRDA:321,23,1,1
BRDA:330,24,0,1
BRDA:330,24,1,6
BRDA:340,25,0,4
BRDA:340,25,1,1
BRDA:353,26,0,1
BRDA:353,26,1,3
BRDA:359,27,0,2
BRDA:359,27,1,1
BRDA:369,28,0,2
BRDA:369,28,1,1
BRDA:392,29,0,1
BRDA:392,29,1,1
BRDA:392,30,0,2
BRDA:392,30,1,2
BRDA:415,31,0,2
BRDA:415,31,1,1
BRDA:436,32,0,1
BRDA:436,32,1,6
BRDA:446,33,0,4
BRDA:446,33,1,1
BRDA:461,34,0,7
BRDA:461,34,1,0
BRDA:462,35,0,1
BRDA:462,35,1,6
BRDA:469,36,0,1
BRDA:469,36,1,3
BRDA:490,37,0,1
BRDA:490,37,1,3
BRF:78
BRH:76
end_of_record
TN:
SF:server\user.js
FN:19,checkAvailable
FN:28,createNewUser
FN:48,verify
FN:49,(anonymous_3)
FN:52,(anonymous_4)
FN:68,registerNewUser
FN:97,getProfile
FN:103,updateProfile
FN:116,updateHistory
FN:149,getAllUserHistory
FN:155,(anonymous_10)
FN:159,(anonymous_11)
FNF:12
FNH:12
FNDA:25,checkAvailable
FNDA:1,createNewUser
FNDA:4,verify
FNDA:4,(anonymous_3)
FNDA:4,(anonymous_4)
FNDA:2,registerNewUser
FNDA:18,getProfile
FNDA:2,updateProfile
FNDA:3,updateHistory
FNDA:6,getAllUserHistory
FNDA:24,(anonymous_10)
FNDA:48,(anonymous_11)
DA:3,5
DA:4,5
DA:8,5
DA:20,25
DA:22,25
DA:23,9
DA:25,16
DA:29,1
DA:30,1
DA:31,1
DA:32,1
DA:33,1
DA:34,1
DA:49,4
DA:50,4
DA:53,4
DA:55,1
DA:57,3
DA:58,2
DA:59,2
DA:62,1
DA:69,2
DA:71,2
DA:72,1
DA:74,1
DA:78,1
DA:79,1
DA:82,1
DA:84,1
DA:88,1
DA:89,1
DA:90,1
DA:98,18
DA:99,18
DA:105,2
DA:106,2
DA:107,1
DA:109,1
DA:110,1
DA:117,3
DA:119,3
DA:120,1
DA:122,2
DA:123,2
DA:124,2
DA:125,4
DA:126,1
DA:127,1
DA:128,1
DA:132,2
DA:133,1
DA:134,1
DA:137,2
DA:138,2
DA:150,6
DA:152,6
DA:153,6
DA:155,6
DA:156,24
DA:157,24
DA:159,18
DA:160,48
DA:161,48
DA:162,48
DA:163,48
DA:164,48
DA:169,6
DA:170,6
DA:171,6
DA:173,6
LF:70
LH:70
BRDA:22,0,0,9
BRDA:22,0,1,16
BRDA:53,1,0,1
BRDA:53,1,1,3
BRDA:57,2,0,2
BRDA:57,2,1,1
BRDA:71,3,0,1
BRDA:71,3,1,1
BRDA:106,4,0,1
BRDA:106,4,1,1
BRDA:119,5,0,1
BRDA:119,5,1,2
BRDA:125,6,0,1
BRDA:125,6,1,3
BRDA:132,7,0,1
BRDA:132,7,1,1
BRDA:157,8,0,18
BRDA:157,8,1,6
BRF:18
BRH:18
end_of_record
TN:
SF:server\articles\articlesMngt.js
FN:24,searchById
FN:36,searchByFilter
FN:56,getArticleIds
FN:60,(anonymous_3)
FNF:4
FNH:4
FNDA:9,searchById
FNDA:14,searchByFilter
FNDA:6,getArticleIds
FNDA:18,(anonymous_3)
DA:4,5
DA:25,9
DA:26,9
DA:28,9
DA:29,4
DA:31,5
DA:38,14
DA:39,14
DA:42,14
DA:43,5
DA:46,9
DA:47,1
DA:49,9
DA:57,6
DA:58,6
DA:60,6
DA:62,18
DA:66,6
LF:18
LH:18
BRDA:28,0,0,4
BRDA:28,0,1,5
BRDA:28,1,0,9
BRDA:28,1,1,9
BRDA:42,2,0,5
BRDA:42,2,1,9
BRDA:42,3,0,14
BRDA:42,3,1,14
BRDA:46,4,0,1
BRDA:46,4,1,8
BRF:10
BRH:10
end_of_record
TN:
SF:server\articles\recommendation.js
FN:5,collaborativeFilteringRecommendations
FN:41,(anonymous_1)
FN:47,predictRating
FN:63,calculateSimilarity
FN:67,(anonymous_4)
FNF:5
FNH:5
FNDA:6,collaborativeFilteringRecommendations
FNDA:4,(anonymous_1)
FNDA:8,predictRating
FNDA:20,calculateSimilarity
FNDA:8,(anonymous_4)
DA:7,6
DA:8,6
DA:9,6
DA:10,6
DA:12,6
DA:14,6
DA:15,24
DA:18,6
DA:19,48
DA:20,0
DA:22,48
DA:23,48
DA:25,0
DA:30,6
DA:31,6
DA:33,6
DA:34,18
DA:36,8
DA:41,6
DA:42,6
DA:43,6
DA:48,8
DA:49,8
DA:51,8
DA:52,32
DA:53,20
DA:54,20
DA:55,20
DA:59,8
DA:64,20
DA:65,20
DA:67,20
DA:69,20
DA:70,16
DA:73,4
DA:74,4
DA:75,4
DA:77,4
DA:78,8
DA:79,8
DA:80,8
DA:81,8
DA:82,8
DA:85,4
LF:44
LH:42
BRDA:19,0,0,0
BRDA:19,0,1,48
BRDA:22,1,0,48
BRDA:22,1,1,0
BRDA:34,2,0,8
BRDA:34,2,1,10
BRDA:52,3,0,20
BRDA:52,3,1,12
BRDA:52,4,0,32
BRDA:52,4,1,24
BRDA:59,5,0,6
BRDA:59,5,1,2
BRDA:69,6,0,16
BRDA:69,6,1,4
BRF:14
BRH:12
end_of_record
TN:
SF:server\articles\retriever.js
FN:22,searchNews
FN:49,scrapeURL
FN:61,(anonymous_2)
FN:76,bingNewsRetriever
FN:93,(anonymous_4)
FN:136,addToTheme
FN:148,addToDb
FNF:7
FNH:7
FNDA:5,searchNews
FNDA:5,scrapeURL
FNDA:9,(anonymous_2)
FNDA:5,bingNewsRetriever
FNDA:10,(anonymous_4)
FNDA:4,addToTheme
FNDA:5,addToDb
DA:8,5
DA:9,5
DA:10,5
DA:11,5
DA:15,0
DA:17,5
DA:18,5
DA:19,5
DA:23,5
DA:25,5
DA:26,1
DA:30,4
DA:33,5
DA:43,5
DA:50,5
DA:51,5
DA:52,5
DA:54,4
DA:55,4
DA:56,4
DA:58,4
DA:59,4
DA:61,4
DA:62,9
DA:64,4
DA:68,4
DA:71,1
DA:77,5
DA:78,5
DA:79,1
DA:81,5
DA:82,5
DA:83,5
DA:84,5
DA:85,5
DA:87,5
DA:88,1
DA:91,4
DA:92,4
DA:93,4
DA:94,10
DA:95,10
DA:96,10
DA:98,4
DA:100,4
DA:101,1
DA:104,3
DA:105,3
DA:108,3
DA:109,3
DA:111,3
DA:112,3
DA:113,1
DA:114,1
DA:115,1
DA:116,2
DA:117,2
DA:118,2
DA:122,2
DA:123,2
DA:126,2
DA:127,2
DA:129,3
DA:131,5
DA:132,5
DA:133,5
DA:137,4
DA:138,4
DA:139,1
DA:142,3
DA:143,3
DA:144,3
DA:145,3
DA:149,5
DA:150,3
DA:151,3
DA:152,3
LF:77
LH:76
BRDA:10,0,0,5
BRDA:10,0,1,0
BRDA:25,1,0,1
BRDA:25,1,1,4
BRDA:54,2,0,4
BRDA:54,2,1,0
BRDA:78,3,0,1
BRDA:78,3,1,4
BRDA:87,4,0,1
BRDA:87,4,1,4
BRDA:87,5,0,5
BRDA:87,5,1,5
BRDA:100,6,0,1
BRDA:100,6,1,3
BRDA:100,7,0,4
BRDA:100,7,1,1
BRDA:112,8,0,1
BRDA:112,8,1,2
BRDA:122,9,0,2
BRDA:122,9,1,0
BRDA:138,10,0,1
BRDA:138,10,1,3
BRF:22
BRH:19
end_of_record
TN:
SF:server\articles\summaries.js
FN:35,(anonymous_0)
FN:62,(anonymous_1)
FN:72,sleep
FN:73,(anonymous_3)
FNF:4
FNH:4
FNDA:4,(anonymous_0)
FNDA:3,(anonymous_1)
FNDA:3,sleep
FNDA:3,(anonymous_3)
DA:3,5
DA:4,5
DA:5,5
DA:6,5
DA:10,0
DA:12,5
DA:35,5
DA:36,4
DA:37,4
DA:38,4
DA:39,4
DA:40,4
DA:42,4
DA:47,3
DA:50,3
DA:51,3
DA:52,3
DA:54,3
DA:57,1
DA:62,5
DA:63,3
DA:64,3
DA:68,3
DA:73,3
DA:74,3
LF:25
LH:24
BRDA:5,0,0,5
BRDA:5,0,1,0
BRF:2
BRH:1
end_of_record
TN:
SF:server\forum_module\forum_interface.js
FN:8,dateAdded
FN:16,(anonymous_1)
FN:22,(anonymous_2)
FN:34,(anonymous_3)
FN:45,(anonymous_4)
FN:61,(anonymous_5)
FNF:6
FNH:5
FNDA:6,dateAdded
FNDA:0,(anonymous_1)
FNDA:3,(anonymous_2)
FNDA:1,(anonymous_3)
FNDA:3,(anonymous_4)
FNDA:3,(anonymous_5)
DA:9,6
DA:10,6
DA:11,6
DA:22,5
DA:23,3
DA:27,3
DA:28,3
DA:29,3
DA:30,3
DA:34,5
DA:37,1
DA:39,1
DA:45,5
DA:49,3
DA:51,3
DA:61,5
DA:62,3
DA:65,3
DA:70,3
DA:71,1
DA:75,2
DA:78,2
LF:22
LH:22
BRDA:70,0,0,1
BRDA:70,0,1,2
BRF:2
BRH:2
end_of_record
TN:
SF:server\tests\testArticles.js
FNF:0
FNH:0
DA:1,2
DA:10,2
DA:19,2
LF:3
LH:3
BRF:0
BRH:0
end_of_record
TN:
SF:server\tests\testForum.js
FNF:0
FNH:0
DA:1,1
DA:8,1
DA:20,1
DA:28,1
DA:35,1
DA:41,1
DA:47,1
LF:7
LH:7
BRF:0
BRH:0
end_of_record
TN:
SF:server\tests\testUsers.js
FNF:0
FNH:0
DA:1,3
DA:22,3
DA:40,3
DA:49,3
LF:4
LH:4
BRF:0
BRH:0
end_of_record
